{"name": "量表管理", "status": "broken", "statusDetails": {"message": "selenium.common.exceptions.ElementClickInterceptedException: Message: element click intercepted: Element <span class=\"ant-select-selection-placeholder\">...</span> is not clickable at point (615, 162). Other element would receive the click: <input type=\"search\" id=\"advanced_search_rulesId\" autocomplete=\"off\" class=\"ant-select-selection-search-input\" role=\"combobox\" aria-haspopup=\"listbox\" aria-owns=\"advanced_search_rulesId_list\" aria-autocomplete=\"list\" aria-controls=\"advanced_search_rulesId_list\" aria-activedescendant=\"advanced_search_rulesId_list_0\" readonly=\"\" unselectable=\"on\" value=\"\" style=\"opacity: 0;\">\n  (Session info: chrome=103.0.5060.134)\nStacktrace:\nBacktrace:\n\tOrdinal0 [0x0112D953+2414931]\n\tOrdinal0 [0x010BF5E1+1963489]\n\tOrdinal0 [0x00FAC6B8+837304]\n\tOrdinal0 [0x00FDFC27+1047591]\n\tOrdinal0 [0x00FDDC08+1039368]\n\tOrdinal0 [0x00FDB90B+1030411]\n\tOrdinal0 [0x00FDA659+1025625]\n\tOrdinal0 [0x00FD0293+983699]\n\tOrdinal0 [0x00FF449C+1131676]\n\tOrdinal0 [0x00FCFC74+982132]\n\tOrdinal0 [0x00FF46B4+1132212]\n\tOrdinal0 [0x01004812+1198098]\n\tOrdinal0 [0x00FF42B6+1131190]\n\tOrdinal0 [0x00FCE860+976992]\n\tOrdinal0 [0x00FCF756+980822]\n\tGetHandleVerifier [0x0139CC62+2510274]\n\tGetHandleVerifier [0x0138F760+2455744]\n\tGetHandleVerifier [0x011BEABA+551962]\n\tGetHandleVerifier [0x011BD916+547446]\n\tOrdinal0 [0x010C5F3B+1990459]\n\tOrdinal0 [0x010CA898+2009240]\n\tOrdinal0 [0x010CA985+2009477]\n\tOrdinal0 [0x010D3AD1+2046673]\n\tBaseThreadInitThunk [0x7598FA29+25]\n\tRtlGetAppContainerNamedObjectPath [0x77187A9E+286]\n\tRtlGetAppContainerNamedObjectPath [0x77187A6E+238]", "trace": "Login = (<KeyWords.keyword_web.WebKeys object at 0x0000028015A63FD0>, <Logger logger (DEBUG)>)\nscale = {'button': '//*[@id=\"root\"]/div/section/section/main/div/div[2]/div[2]/div/div[3]/button[2]/span', 'check_box': 'td[cl...v[2]/div[2]/div/div/div/div/div/div[2]/table/tbody/tr[2]/td[3]/span', 'factor_name': '因子测试No.${random.int(9999)}', ...}\n\n    @pytest.mark.flaky(reruns=1, reruns_delay=3)\n    @pytest.mark.parametrize('scale',load_yaml('../data/scale_management.yaml'))\n    @allure.epic('测评管理')\n    @allure.severity('normal')\n    @allure.story('量表管理')\n    def test_07(Login,scale):\n        wk, log = Login\n        allure.dynamic.title(scale['title'])\n        with allure.step('点击进入测评管理'):\n            wk.click('xpath','//span[text()=\"测评管理\"]')\n        with allure.step('点击进入量表管理'):\n            wk.click('xpath','//a[text()=\"量表管理\"]')\n        with allure.step('点击进入新增量表'):\n            wk.click('xpath',scale['new_scale'])\n        with allure.step('选择量表分类'):\n            wk.click('id','advanced_search_typeId')\n            wk.click('xpath','//span[text()=\"教育行业-中学-1\"]')\n        with allure.step('填写量表名称'):\n            scale_name = '测试量表No.' + str(get_random(1, 999))\n            wk.input('id', 'advanced_search_name', scale_name)\n        with allure.step('选择量表类型'):\n            wk.click('id', 'advanced_search_type')\n            wk.click('xpath', '//div[text()=\"专业性量表\"]')\n        with allure.step('上传主题配图'):\n            png1 = os.path.abspath('微信截图_20220622155317.png')\n            png2 = os.path.abspath('微信截图_20220622155606.png')\n            wk.click('xpath',scale['upload1'])\n            wk.wait(2)\n            UpLoad(png1)\n            wk.wait(1)\n            wk.click('xpath', scale['upload2'])\n            wk.wait(2)\n            UpLoad(png2)\n        with allure.step('填写市场价'):\n            wk.input('id','advanced_search_marketPrice',randint(1,999))\n        with allure.step('选择量表状态'):\n            wk.click('xpath','//span[text()=\"开启\"]')\n        with allure.step('保存量表基本信息'):\n            wk.click('xpath', '//span[text()=\"保存并下一步\"]')\n        with allure.step('添加维度'):\n            wk.click('xpath','//span[text()=\"添加维度\"]')\n            wk.wait(2)\n            #选择所有的checkbox并全部勾上\n            checkboxes = wk.locators('css selector',scale['check_box'])\n            for checkbox in checkboxes:\n                    wk.wait(0.5)\n                    checkbox.click()\n            # # 把页面上最后1个checkbox的勾给去掉\n            # checkboxes.pop().click()\n            #提交选择的题目\n            wk.click('xpath','//p[text()=\"确定\"]')\n            wk.wait(2)\n            # 等待页面加载完成，点击保存并下一步\n            wk.click('xpath',scale['button'])\n        with allure.step('量表计分模块'):\n            #点击量表得分\n>           wk.click('xpath',scale['scale_scoring'])\n\noms.py:359: \n_ _ _ _ _ _ _ _ _ _ _ _ _ _ _ _ _ _ _ _ _ _ _ _ _ _ _ _ _ _ _ _ _ _ _ _ _ _ _ _\n..\\KeyWords\\keyword_web.py:71: in click\n    self.locator(name, value).click()\n..\\..\\..\\AppData\\Local\\Programs\\Python\\Python38\\lib\\site-packages\\selenium\\webdriver\\remote\\webelement.py:89: in click\n    self._execute(Command.CLICK_ELEMENT)\n..\\..\\..\\AppData\\Local\\Programs\\Python\\Python38\\lib\\site-packages\\selenium\\webdriver\\remote\\webelement.py:773: in _execute\n    return self._parent.execute(command, params)\n..\\..\\..\\AppData\\Local\\Programs\\Python\\Python38\\lib\\site-packages\\selenium\\webdriver\\remote\\webdriver.py:430: in execute\n    self.error_handler.check_response(response)\n_ _ _ _ _ _ _ _ _ _ _ _ _ _ _ _ _ _ _ _ _ _ _ _ _ _ _ _ _ _ _ _ _ _ _ _ _ _ _ _\n\nself = <selenium.webdriver.remote.errorhandler.ErrorHandler object at 0x0000028015A63AF0>\nresponse = {'status': 400, 'value': '{\"value\":{\"error\":\"element click intercepted\",\"message\":\"element click intercepted: Element ...\\n\\\\tRtlGetAppContainerNamedObjectPath [0x77187A9E+286]\\\\n\\\\tRtlGetAppContainerNamedObjectPath [0x77187A6E+238]\\\\n\"}}'}\n\n    def check_response(self, response: Dict[str, Any]) -> None:\n        \"\"\"\n        Checks that a JSON response from the WebDriver does not have an error.\n    \n        :Args:\n         - response - The JSON response from the WebDriver server as a dictionary\n           object.\n    \n        :Raises: If the response contains an error message.\n        \"\"\"\n        status = response.get('status', None)\n        if not status or status == ErrorCode.SUCCESS:\n            return\n        value = None\n        message = response.get(\"message\", \"\")\n        screen: str = response.get(\"screen\", \"\")\n        stacktrace = None\n        if isinstance(status, int):\n            value_json = response.get('value', None)\n            if value_json and isinstance(value_json, str):\n                import json\n                try:\n                    value = json.loads(value_json)\n                    if len(value.keys()) == 1:\n                        value = value['value']\n                    status = value.get('error', None)\n                    if not status:\n                        status = value.get(\"status\", ErrorCode.UNKNOWN_ERROR)\n                        message = value.get(\"value\") or value.get(\"message\")\n                        if not isinstance(message, str):\n                            value = message\n                            message = message.get('message')\n                    else:\n                        message = value.get('message', None)\n                except ValueError:\n                    pass\n    \n        exception_class: Type[WebDriverException]\n        if status in ErrorCode.NO_SUCH_ELEMENT:\n            exception_class = NoSuchElementException\n        elif status in ErrorCode.NO_SUCH_FRAME:\n            exception_class = NoSuchFrameException\n        elif status in ErrorCode.NO_SUCH_SHADOW_ROOT:\n            exception_class = NoSuchShadowRootException\n        elif status in ErrorCode.NO_SUCH_WINDOW:\n            exception_class = NoSuchWindowException\n        elif status in ErrorCode.STALE_ELEMENT_REFERENCE:\n            exception_class = StaleElementReferenceException\n        elif status in ErrorCode.ELEMENT_NOT_VISIBLE:\n            exception_class = ElementNotVisibleException\n        elif status in ErrorCode.INVALID_ELEMENT_STATE:\n            exception_class = InvalidElementStateException\n        elif status in ErrorCode.INVALID_SELECTOR \\\n                or status in ErrorCode.INVALID_XPATH_SELECTOR \\\n                or status in ErrorCode.INVALID_XPATH_SELECTOR_RETURN_TYPER:\n            exception_class = InvalidSelectorException\n        elif status in ErrorCode.ELEMENT_IS_NOT_SELECTABLE:\n            exception_class = ElementNotSelectableException\n        elif status in ErrorCode.ELEMENT_NOT_INTERACTABLE:\n            exception_class = ElementNotInteractableException\n        elif status in ErrorCode.INVALID_COOKIE_DOMAIN:\n            exception_class = InvalidCookieDomainException\n        elif status in ErrorCode.UNABLE_TO_SET_COOKIE:\n            exception_class = UnableToSetCookieException\n        elif status in ErrorCode.TIMEOUT:\n            exception_class = TimeoutException\n        elif status in ErrorCode.SCRIPT_TIMEOUT:\n            exception_class = TimeoutException\n        elif status in ErrorCode.UNKNOWN_ERROR:\n            exception_class = WebDriverException\n        elif status in ErrorCode.UNEXPECTED_ALERT_OPEN:\n            exception_class = UnexpectedAlertPresentException\n        elif status in ErrorCode.NO_ALERT_OPEN:\n            exception_class = NoAlertPresentException\n        elif status in ErrorCode.IME_NOT_AVAILABLE:\n            exception_class = ImeNotAvailableException\n        elif status in ErrorCode.IME_ENGINE_ACTIVATION_FAILED:\n            exception_class = ImeActivationFailedException\n        elif status in ErrorCode.MOVE_TARGET_OUT_OF_BOUNDS:\n            exception_class = MoveTargetOutOfBoundsException\n        elif status in ErrorCode.JAVASCRIPT_ERROR:\n            exception_class = JavascriptException\n        elif status in ErrorCode.SESSION_NOT_CREATED:\n            exception_class = SessionNotCreatedException\n        elif status in ErrorCode.INVALID_ARGUMENT:\n            exception_class = InvalidArgumentException\n        elif status in ErrorCode.NO_SUCH_COOKIE:\n            exception_class = NoSuchCookieException\n        elif status in ErrorCode.UNABLE_TO_CAPTURE_SCREEN:\n            exception_class = ScreenshotException\n        elif status in ErrorCode.ELEMENT_CLICK_INTERCEPTED:\n            exception_class = ElementClickInterceptedException\n        elif status in ErrorCode.INSECURE_CERTIFICATE:\n            exception_class = InsecureCertificateException\n        elif status in ErrorCode.INVALID_COORDINATES:\n            exception_class = InvalidCoordinatesException\n        elif status in ErrorCode.INVALID_SESSION_ID:\n            exception_class = InvalidSessionIdException\n        elif status in ErrorCode.UNKNOWN_METHOD:\n            exception_class = UnknownMethodException\n        else:\n            exception_class = WebDriverException\n        if not value:\n            value = response['value']\n        if isinstance(value, str):\n            raise exception_class(value)\n        if message == \"\" and 'message' in value:\n            message = value['message']\n    \n        screen = None  # type: ignore[assignment]\n        if 'screen' in value:\n            screen = value['screen']\n    \n        stacktrace = None\n        st_value = value.get('stackTrace') or value.get('stacktrace')\n        if st_value:\n            if isinstance(st_value, str):\n                stacktrace = st_value.split('\\n')\n            else:\n                stacktrace = []\n                try:\n                    for frame in st_value:\n                        line = self._value_or_default(frame, 'lineNumber', '')\n                        file = self._value_or_default(frame, 'fileName', '<anonymous>')\n                        if line:\n                            file = \"%s:%s\" % (file, line)\n                        meth = self._value_or_default(frame, 'methodName', '<anonymous>')\n                        if 'className' in frame:\n                            meth = \"%s.%s\" % (frame['className'], meth)\n                        msg = \"    at %s (%s)\"\n                        msg = msg % (meth, file)\n                        stacktrace.append(msg)\n                except TypeError:\n                    pass\n        if exception_class == UnexpectedAlertPresentException:\n            alert_text = None\n            if 'data' in value:\n                alert_text = value['data'].get('text')\n            elif 'alert' in value:\n                alert_text = value['alert'].get('text')\n            raise exception_class(message, screen, stacktrace, alert_text)  # type: ignore[call-arg]  # mypy is not smart enough here\n>       raise exception_class(message, screen, stacktrace)\nE       selenium.common.exceptions.ElementClickInterceptedException: Message: element click intercepted: Element <span class=\"ant-select-selection-placeholder\">...</span> is not clickable at point (615, 162). Other element would receive the click: <input type=\"search\" id=\"advanced_search_rulesId\" autocomplete=\"off\" class=\"ant-select-selection-search-input\" role=\"combobox\" aria-haspopup=\"listbox\" aria-owns=\"advanced_search_rulesId_list\" aria-autocomplete=\"list\" aria-controls=\"advanced_search_rulesId_list\" aria-activedescendant=\"advanced_search_rulesId_list_0\" readonly=\"\" unselectable=\"on\" value=\"\" style=\"opacity: 0;\">\nE         (Session info: chrome=103.0.5060.134)\nE       Stacktrace:\nE       Backtrace:\nE       \tOrdinal0 [0x0112D953+2414931]\nE       \tOrdinal0 [0x010BF5E1+1963489]\nE       \tOrdinal0 [0x00FAC6B8+837304]\nE       \tOrdinal0 [0x00FDFC27+1047591]\nE       \tOrdinal0 [0x00FDDC08+1039368]\nE       \tOrdinal0 [0x00FDB90B+1030411]\nE       \tOrdinal0 [0x00FDA659+1025625]\nE       \tOrdinal0 [0x00FD0293+983699]\nE       \tOrdinal0 [0x00FF449C+1131676]\nE       \tOrdinal0 [0x00FCFC74+982132]\nE       \tOrdinal0 [0x00FF46B4+1132212]\nE       \tOrdinal0 [0x01004812+1198098]\nE       \tOrdinal0 [0x00FF42B6+1131190]\nE       \tOrdinal0 [0x00FCE860+976992]\nE       \tOrdinal0 [0x00FCF756+980822]\nE       \tGetHandleVerifier [0x0139CC62+2510274]\nE       \tGetHandleVerifier [0x0138F760+2455744]\nE       \tGetHandleVerifier [0x011BEABA+551962]\nE       \tGetHandleVerifier [0x011BD916+547446]\nE       \tOrdinal0 [0x010C5F3B+1990459]\nE       \tOrdinal0 [0x010CA898+2009240]\nE       \tOrdinal0 [0x010CA985+2009477]\nE       \tOrdinal0 [0x010D3AD1+2046673]\nE       \tBaseThreadInitThunk [0x7598FA29+25]\nE       \tRtlGetAppContainerNamedObjectPath [0x77187A9E+286]\nE       \tRtlGetAppContainerNamedObjectPath [0x77187A6E+238]\n\n..\\..\\..\\AppData\\Local\\Programs\\Python\\Python38\\lib\\site-packages\\selenium\\webdriver\\remote\\errorhandler.py:247: ElementClickInterceptedException"}, "steps": [{"name": "点击进入测评管理", "status": "passed", "start": 1659512964314, "stop": 1659512964392}, {"name": "点击进入量表管理", "status": "passed", "start": 1659512964392, "stop": 1659512964657}, {"name": "点击进入新增量表", "status": "passed", "start": 1659512964657, "stop": 1659512964998}, {"name": "选择量表分类", "status": "passed", "start": 1659512964998, "stop": 1659512965272}, {"name": "填写量表名称", "status": "passed", "start": 1659512965272, "stop": 1659512965410}, {"name": "选择量表类型", "status": "passed", "start": 1659512965410, "stop": 1659512965538}, {"name": "上传主题配图", "status": "passed", "start": 1659512965538, "stop": 1659512970742}, {"name": "填写市场价", "status": "passed", "start": 1659512970742, "stop": 1659512970853}, {"name": "选择量表状态", "status": "passed", "start": 1659512970853, "stop": 1659512971052}, {"name": "保存量表基本信息", "status": "passed", "start": 1659512971052, "stop": 1659512971202}, {"name": "添加维度", "status": "passed", "start": 1659512971202, "stop": 1659512981700}, {"name": "量表计分模块", "status": "broken", "statusDetails": {"message": "selenium.common.exceptions.ElementClickInterceptedException: Message: element click intercepted: Element <span class=\"ant-select-selection-placeholder\">...</span> is not clickable at point (615, 162). Other element would receive the click: <input type=\"search\" id=\"advanced_search_rulesId\" autocomplete=\"off\" class=\"ant-select-selection-search-input\" role=\"combobox\" aria-haspopup=\"listbox\" aria-owns=\"advanced_search_rulesId_list\" aria-autocomplete=\"list\" aria-controls=\"advanced_search_rulesId_list\" aria-activedescendant=\"advanced_search_rulesId_list_0\" readonly=\"\" unselectable=\"on\" value=\"\" style=\"opacity: 0;\">\n  (Session info: chrome=103.0.5060.134)\nStacktrace:\nBacktrace:\n\tOrdinal0 [0x0112D953+2414931]\n\tOrdinal0 [0x010BF5E1+1963489]\n\tOrdinal0 [0x00FAC6B8+837304]\n\tOrdinal0 [0x00FDFC27+1047591]\n\tOrdinal0 [0x00FDDC08+1039368]\n\tOrdinal0 [0x00FDB90B+1030411]\n\tOrdinal0 [0x00FDA659+1025625]\n\tOrdinal0 [0x00FD0293+983699]\n\tOrdinal0 [0x00FF449C+1131676]\n\tOrdinal0 [0x00FCFC74+982132]\n\tOrdinal0 [0x00FF46B4+1132212]\n\tOrdinal0 [0x01004812+1198098]\n\tOrdinal0 [0x00FF42B6+1131190]\n\tOrdinal0 [0x00FCE860+976992]\n\tOrdinal0 [0x00FCF756+980822]\n\tGetHandleVerifier [0x0139CC62+2510274]\n\tGetHandleVerifier [0x0138F760+2455744]\n\tGetHandleVerifier [0x011BEABA+551962]\n\tGetHandleVerifier [0x011BD916+547446]\n\tOrdinal0 [0x010C5F3B+1990459]\n\tOrdinal0 [0x010CA898+2009240]\n\tOrdinal0 [0x010CA985+2009477]\n\tOrdinal0 [0x010D3AD1+2046673]\n\tBaseThreadInitThunk [0x7598FA29+25]\n\tRtlGetAppContainerNamedObjectPath [0x77187A9E+286]\n\tRtlGetAppContainerNamedObjectPath [0x77187A6E+238]\n\n", "trace": "  File \"C:\\Users\\jay52\\PycharmProjects\\6noble\\case\\oms.py\", line 359, in test_07\n    wk.click('xpath',scale['scale_scoring'])\n  File \"C:\\Users\\jay52\\PycharmProjects\\6noble\\KeyWords\\keyword_web.py\", line 71, in click\n    self.locator(name, value).click()\n  File \"C:\\Users\\jay52\\AppData\\Local\\Programs\\Python\\Python38\\lib\\site-packages\\selenium\\webdriver\\remote\\webelement.py\", line 89, in click\n    self._execute(Command.CLICK_ELEMENT)\n  File \"C:\\Users\\jay52\\AppData\\Local\\Programs\\Python\\Python38\\lib\\site-packages\\selenium\\webdriver\\remote\\webelement.py\", line 773, in _execute\n    return self._parent.execute(command, params)\n  File \"C:\\Users\\jay52\\AppData\\Local\\Programs\\Python\\Python38\\lib\\site-packages\\selenium\\webdriver\\remote\\webdriver.py\", line 430, in execute\n    self.error_handler.check_response(response)\n  File \"C:\\Users\\jay52\\AppData\\Local\\Programs\\Python\\Python38\\lib\\site-packages\\selenium\\webdriver\\remote\\errorhandler.py\", line 247, in check_response\n    raise exception_class(message, screen, stacktrace)\n"}, "start": 1659512981700, "stop": 1659512983330}, {"name": "添加失败截图:", "status": "passed", "attachments": [{"name": "失败截图", "source": "2ff6967e-97f5-4700-ac31-ebf4bde35323-attachment.png", "type": "image/png"}], "start": 1659512983518, "stop": 1659512983634}], "parameters": [{"name": "scale", "value": "{'new_scale': '//*[@id=\"root\"]/div/section/section/main/div/section/main/div[2]/div[1]/div[2]/div/button', 'factor_name': '因子测试No.${random.int(9999)}', 'check_box': 'td[class=\"ant-table-cell ant-table-selection-column\"]', 'next': '/html/body/div[1]/div/section/section/main/div/div[2]/div[3]/div/form/div[2]/div/div/div/button[2]/span', 'result': '//*[@id=\"root\"]/div/section/section/main/div/div[2]/div[4]/div/form/div[1]/div/div[2]/div/div/div/div/div/div[2]/table/tbody/tr[2]/td[4]/div/div/div/div/div[2]/div/div[2]/div/div', 'txt': '这是结果描述，测试使用', 'expected_result': '/html/body/div[1]/div/section/section/main/div/section/main/div[2]/div[2]/div/div/div/div/div/div[2]/table/tbody/tr[2]/td[3]/span', 'title': '量表管理', 'upload1': '/html/body/div[1]/div/section/section/main/div/div[2]/div[1]/div/div/form/div[1]/div[5]/div/div[2]/div[1]/div/span/div/span/div/div', 'upload2': '/html/body/div[1]/div/section/section/main/div/div[2]/div[1]/div/div/form/div[1]/div[6]/div/div[2]/div[1]/div/span/div/div/span/div/div', 'scale_scoring': '//*[@id=\"advanced_search\"]/div[1]/div/div[1]/div/div[2]/div/div/div/div/span[2]', 'button': '//*[@id=\"root\"]/div/section/section/main/div/div[2]/div[2]/div/div[3]/button[2]/span'}"}], "start": 1659512964313, "stop": 1659512983332, "uuid": "4325a343-1e1f-4c73-8c68-4efe5a864dd4", "historyId": "43976a3a472e46d5e4195eaa5510abbc", "testCaseId": "92a2fe5a39aaaf716e97f53d401f2ed8", "fullName": "oms#test_07", "labels": [{"name": "epic", "value": "测评管理"}, {"name": "story", "value": "量表管理"}, {"name": "severity", "value": "normal"}, {"name": "tag", "value": "flaky(reruns=1, reruns_delay=3)"}, {"name": "suite", "value": "oms"}, {"name": "host", "value": "DESKTOP-FA1JTDA"}, {"name": "thread", "value": "64304-MainThread"}, {"name": "framework", "value": "pytest"}, {"name": "language", "value": "cpython3"}, {"name": "package", "value": "oms"}]}