{"name": "维度管理", "status": "broken", "statusDetails": {"message": "selenium.common.exceptions.NoSuchElementException: Message: no such element: Unable to locate element: {\"method\":\"xpath\",\"selector\":\"/html/body/div[3]/div/div[2]/div/div[2]/div[2]/div/div[1]/div[2]/div[1]/div/div[1]/div/div/div/div/div/div[2]/table/tbody/tr[5]/td[1]/label/span/input\"}\n  (Session info: chrome=103.0.5060.134)\nStacktrace:\nBacktrace:\n\tOrdinal0 [0x0112D953+2414931]\n\tOrdinal0 [0x010BF5E1+1963489]\n\tOrdinal0 [0x00FAC6B8+837304]\n\tOrdinal0 [0x00FD9500+1021184]\n\tOrdinal0 [0x00FD979B+1021851]\n\tOrdinal0 [0x01006502+1205506]\n\tOrdinal0 [0x00FF44E4+1131748]\n\tOrdinal0 [0x01004812+1198098]\n\tOrdinal0 [0x00FF42B6+1131190]\n\tOrdinal0 [0x00FCE860+976992]\n\tOrdinal0 [0x00FCF756+980822]\n\tGetHandleVerifier [0x0139CC62+2510274]\n\tGetHandleVerifier [0x0138F760+2455744]\n\tGetHandleVerifier [0x011BEABA+551962]\n\tGetHandleVerifier [0x011BD916+547446]\n\tOrdinal0 [0x010C5F3B+1990459]\n\tOrdinal0 [0x010CA898+2009240]\n\tOrdinal0 [0x010CA985+2009477]\n\tOrdinal0 [0x010D3AD1+2046673]\n\tBaseThreadInitThunk [0x7598FA29+25]\n\tRtlGetAppContainerNamedObjectPath [0x77187A9E+286]\n\tRtlGetAppContainerNamedObjectPath [0x77187A6E+238]", "trace": "Login = (<KeyWords.keyword_web.WebKeys object at 0x0000019B2B0B3610>, <Logger logger (DEBUG)>)\ndimensionality = {'check_box': '/html/body/div[3]/div/div[2]/div/div[2]/div[2]/div/div[1]/div[2]/div[1]/div/div[1]/div/div/div/div/div/...'next': '/html/body/div[1]/div/section/section/main/div/div[2]/div[3]/div/form/div[2]/div/div/div/button[2]/span', ...}\n\n    @pytest.mark.parametrize('dimensionality',load_yaml('../data/dimensionality_management.yaml'))\n    @allure.epic('测评管理')\n    @allure.severity('normal')\n    @allure.story('维度管理')\n    def test_06(Login,dimensionality):\n        wk, log = Login\n        allure.dynamic.title(dimensionality['title'])\n        with allure.step('点击进入测评管理'):\n            wk.click('xpath','//span[text()=\"测评管理\"]')\n        with allure.step('点击进入维度管理'):\n            wk.click('xpath','//a[text()=\"维度管理\"]')\n        with allure.step('点击进入新增维度'):\n            wk.click('xpath',dimensionality['new_dimensionality'])\n        with allure.step('填写维度名称'):\n            dimensionality_name='测试维度No.'+str(get_random(1,999))\n            wk.input('id','dimensionNameForm_name',dimensionality_name)\n        with allure.step('保存并下一步'):\n            wk.scroll_foot()\n            wk.click('xpath', '//span[text()=\"保存并下一步\"]')\n        with allure.step('添加因子'):\n            wk.click('xpath','//span[text()=\"添加因子\"]')\n            wk.wait(1)\n            #checkbox,选择题目\n>           wk.click('xpath',dimensionality['check_box'])\n\noms.py:264: \n_ _ _ _ _ _ _ _ _ _ _ _ _ _ _ _ _ _ _ _ _ _ _ _ _ _ _ _ _ _ _ _ _ _ _ _ _ _ _ _\n..\\KeyWords\\keyword_web.py:67: in click\n    self.locator(name, value).click()\n..\\KeyWords\\keyword_web.py:51: in locator\n    return self.driver.find_element(name, value)\n..\\..\\..\\AppData\\Local\\Programs\\Python\\Python38\\lib\\site-packages\\selenium\\webdriver\\remote\\webdriver.py:1251: in find_element\n    return self.execute(Command.FIND_ELEMENT, {\n..\\..\\..\\AppData\\Local\\Programs\\Python\\Python38\\lib\\site-packages\\selenium\\webdriver\\remote\\webdriver.py:430: in execute\n    self.error_handler.check_response(response)\n_ _ _ _ _ _ _ _ _ _ _ _ _ _ _ _ _ _ _ _ _ _ _ _ _ _ _ _ _ _ _ _ _ _ _ _ _ _ _ _\n\nself = <selenium.webdriver.remote.errorhandler.ErrorHandler object at 0x0000019B2B0B3370>\nresponse = {'status': 404, 'value': '{\"value\":{\"error\":\"no such element\",\"message\":\"no such element: Unable to locate element: {\\...\\n\\\\tRtlGetAppContainerNamedObjectPath [0x77187A9E+286]\\\\n\\\\tRtlGetAppContainerNamedObjectPath [0x77187A6E+238]\\\\n\"}}'}\n\n    def check_response(self, response: Dict[str, Any]) -> None:\n        \"\"\"\n        Checks that a JSON response from the WebDriver does not have an error.\n    \n        :Args:\n         - response - The JSON response from the WebDriver server as a dictionary\n           object.\n    \n        :Raises: If the response contains an error message.\n        \"\"\"\n        status = response.get('status', None)\n        if not status or status == ErrorCode.SUCCESS:\n            return\n        value = None\n        message = response.get(\"message\", \"\")\n        screen: str = response.get(\"screen\", \"\")\n        stacktrace = None\n        if isinstance(status, int):\n            value_json = response.get('value', None)\n            if value_json and isinstance(value_json, str):\n                import json\n                try:\n                    value = json.loads(value_json)\n                    if len(value.keys()) == 1:\n                        value = value['value']\n                    status = value.get('error', None)\n                    if not status:\n                        status = value.get(\"status\", ErrorCode.UNKNOWN_ERROR)\n                        message = value.get(\"value\") or value.get(\"message\")\n                        if not isinstance(message, str):\n                            value = message\n                            message = message.get('message')\n                    else:\n                        message = value.get('message', None)\n                except ValueError:\n                    pass\n    \n        exception_class: Type[WebDriverException]\n        if status in ErrorCode.NO_SUCH_ELEMENT:\n            exception_class = NoSuchElementException\n        elif status in ErrorCode.NO_SUCH_FRAME:\n            exception_class = NoSuchFrameException\n        elif status in ErrorCode.NO_SUCH_SHADOW_ROOT:\n            exception_class = NoSuchShadowRootException\n        elif status in ErrorCode.NO_SUCH_WINDOW:\n            exception_class = NoSuchWindowException\n        elif status in ErrorCode.STALE_ELEMENT_REFERENCE:\n            exception_class = StaleElementReferenceException\n        elif status in ErrorCode.ELEMENT_NOT_VISIBLE:\n            exception_class = ElementNotVisibleException\n        elif status in ErrorCode.INVALID_ELEMENT_STATE:\n            exception_class = InvalidElementStateException\n        elif status in ErrorCode.INVALID_SELECTOR \\\n                or status in ErrorCode.INVALID_XPATH_SELECTOR \\\n                or status in ErrorCode.INVALID_XPATH_SELECTOR_RETURN_TYPER:\n            exception_class = InvalidSelectorException\n        elif status in ErrorCode.ELEMENT_IS_NOT_SELECTABLE:\n            exception_class = ElementNotSelectableException\n        elif status in ErrorCode.ELEMENT_NOT_INTERACTABLE:\n            exception_class = ElementNotInteractableException\n        elif status in ErrorCode.INVALID_COOKIE_DOMAIN:\n            exception_class = InvalidCookieDomainException\n        elif status in ErrorCode.UNABLE_TO_SET_COOKIE:\n            exception_class = UnableToSetCookieException\n        elif status in ErrorCode.TIMEOUT:\n            exception_class = TimeoutException\n        elif status in ErrorCode.SCRIPT_TIMEOUT:\n            exception_class = TimeoutException\n        elif status in ErrorCode.UNKNOWN_ERROR:\n            exception_class = WebDriverException\n        elif status in ErrorCode.UNEXPECTED_ALERT_OPEN:\n            exception_class = UnexpectedAlertPresentException\n        elif status in ErrorCode.NO_ALERT_OPEN:\n            exception_class = NoAlertPresentException\n        elif status in ErrorCode.IME_NOT_AVAILABLE:\n            exception_class = ImeNotAvailableException\n        elif status in ErrorCode.IME_ENGINE_ACTIVATION_FAILED:\n            exception_class = ImeActivationFailedException\n        elif status in ErrorCode.MOVE_TARGET_OUT_OF_BOUNDS:\n            exception_class = MoveTargetOutOfBoundsException\n        elif status in ErrorCode.JAVASCRIPT_ERROR:\n            exception_class = JavascriptException\n        elif status in ErrorCode.SESSION_NOT_CREATED:\n            exception_class = SessionNotCreatedException\n        elif status in ErrorCode.INVALID_ARGUMENT:\n            exception_class = InvalidArgumentException\n        elif status in ErrorCode.NO_SUCH_COOKIE:\n            exception_class = NoSuchCookieException\n        elif status in ErrorCode.UNABLE_TO_CAPTURE_SCREEN:\n            exception_class = ScreenshotException\n        elif status in ErrorCode.ELEMENT_CLICK_INTERCEPTED:\n            exception_class = ElementClickInterceptedException\n        elif status in ErrorCode.INSECURE_CERTIFICATE:\n            exception_class = InsecureCertificateException\n        elif status in ErrorCode.INVALID_COORDINATES:\n            exception_class = InvalidCoordinatesException\n        elif status in ErrorCode.INVALID_SESSION_ID:\n            exception_class = InvalidSessionIdException\n        elif status in ErrorCode.UNKNOWN_METHOD:\n            exception_class = UnknownMethodException\n        else:\n            exception_class = WebDriverException\n        if not value:\n            value = response['value']\n        if isinstance(value, str):\n            raise exception_class(value)\n        if message == \"\" and 'message' in value:\n            message = value['message']\n    \n        screen = None  # type: ignore[assignment]\n        if 'screen' in value:\n            screen = value['screen']\n    \n        stacktrace = None\n        st_value = value.get('stackTrace') or value.get('stacktrace')\n        if st_value:\n            if isinstance(st_value, str):\n                stacktrace = st_value.split('\\n')\n            else:\n                stacktrace = []\n                try:\n                    for frame in st_value:\n                        line = self._value_or_default(frame, 'lineNumber', '')\n                        file = self._value_or_default(frame, 'fileName', '<anonymous>')\n                        if line:\n                            file = \"%s:%s\" % (file, line)\n                        meth = self._value_or_default(frame, 'methodName', '<anonymous>')\n                        if 'className' in frame:\n                            meth = \"%s.%s\" % (frame['className'], meth)\n                        msg = \"    at %s (%s)\"\n                        msg = msg % (meth, file)\n                        stacktrace.append(msg)\n                except TypeError:\n                    pass\n        if exception_class == UnexpectedAlertPresentException:\n            alert_text = None\n            if 'data' in value:\n                alert_text = value['data'].get('text')\n            elif 'alert' in value:\n                alert_text = value['alert'].get('text')\n            raise exception_class(message, screen, stacktrace, alert_text)  # type: ignore[call-arg]  # mypy is not smart enough here\n>       raise exception_class(message, screen, stacktrace)\nE       selenium.common.exceptions.NoSuchElementException: Message: no such element: Unable to locate element: {\"method\":\"xpath\",\"selector\":\"/html/body/div[3]/div/div[2]/div/div[2]/div[2]/div/div[1]/div[2]/div[1]/div/div[1]/div/div/div/div/div/div[2]/table/tbody/tr[5]/td[1]/label/span/input\"}\nE         (Session info: chrome=103.0.5060.134)\nE       Stacktrace:\nE       Backtrace:\nE       \tOrdinal0 [0x0112D953+2414931]\nE       \tOrdinal0 [0x010BF5E1+1963489]\nE       \tOrdinal0 [0x00FAC6B8+837304]\nE       \tOrdinal0 [0x00FD9500+1021184]\nE       \tOrdinal0 [0x00FD979B+1021851]\nE       \tOrdinal0 [0x01006502+1205506]\nE       \tOrdinal0 [0x00FF44E4+1131748]\nE       \tOrdinal0 [0x01004812+1198098]\nE       \tOrdinal0 [0x00FF42B6+1131190]\nE       \tOrdinal0 [0x00FCE860+976992]\nE       \tOrdinal0 [0x00FCF756+980822]\nE       \tGetHandleVerifier [0x0139CC62+2510274]\nE       \tGetHandleVerifier [0x0138F760+2455744]\nE       \tGetHandleVerifier [0x011BEABA+551962]\nE       \tGetHandleVerifier [0x011BD916+547446]\nE       \tOrdinal0 [0x010C5F3B+1990459]\nE       \tOrdinal0 [0x010CA898+2009240]\nE       \tOrdinal0 [0x010CA985+2009477]\nE       \tOrdinal0 [0x010D3AD1+2046673]\nE       \tBaseThreadInitThunk [0x7598FA29+25]\nE       \tRtlGetAppContainerNamedObjectPath [0x77187A9E+286]\nE       \tRtlGetAppContainerNamedObjectPath [0x77187A6E+238]\n\n..\\..\\..\\AppData\\Local\\Programs\\Python\\Python38\\lib\\site-packages\\selenium\\webdriver\\remote\\errorhandler.py:247: NoSuchElementException"}, "steps": [{"name": "点击进入测评管理", "status": "passed", "start": 1659424318945, "stop": 1659424319029}, {"name": "点击进入维度管理", "status": "passed", "start": 1659424319029, "stop": 1659424319292}, {"name": "点击进入新增维度", "status": "passed", "start": 1659424319292, "stop": 1659424319556}, {"name": "填写维度名称", "status": "passed", "start": 1659424319556, "stop": 1659424319683}, {"name": "保存并下一步", "status": "passed", "start": 1659424319683, "stop": 1659424319759}, {"name": "添加因子", "status": "broken", "statusDetails": {"message": "selenium.common.exceptions.NoSuchElementException: Message: no such element: Unable to locate element: {\"method\":\"xpath\",\"selector\":\"/html/body/div[3]/div/div[2]/div/div[2]/div[2]/div/div[1]/div[2]/div[1]/div/div[1]/div/div/div/div/div/div[2]/table/tbody/tr[5]/td[1]/label/span/input\"}\n  (Session info: chrome=103.0.5060.134)\nStacktrace:\nBacktrace:\n\tOrdinal0 [0x0112D953+2414931]\n\tOrdinal0 [0x010BF5E1+1963489]\n\tOrdinal0 [0x00FAC6B8+837304]\n\tOrdinal0 [0x00FD9500+1021184]\n\tOrdinal0 [0x00FD979B+1021851]\n\tOrdinal0 [0x01006502+1205506]\n\tOrdinal0 [0x00FF44E4+1131748]\n\tOrdinal0 [0x01004812+1198098]\n\tOrdinal0 [0x00FF42B6+1131190]\n\tOrdinal0 [0x00FCE860+976992]\n\tOrdinal0 [0x00FCF756+980822]\n\tGetHandleVerifier [0x0139CC62+2510274]\n\tGetHandleVerifier [0x0138F760+2455744]\n\tGetHandleVerifier [0x011BEABA+551962]\n\tGetHandleVerifier [0x011BD916+547446]\n\tOrdinal0 [0x010C5F3B+1990459]\n\tOrdinal0 [0x010CA898+2009240]\n\tOrdinal0 [0x010CA985+2009477]\n\tOrdinal0 [0x010D3AD1+2046673]\n\tBaseThreadInitThunk [0x7598FA29+25]\n\tRtlGetAppContainerNamedObjectPath [0x77187A9E+286]\n\tRtlGetAppContainerNamedObjectPath [0x77187A6E+238]\n\n", "trace": "  File \"C:\\Users\\jay52\\PycharmProjects\\6noble\\case\\oms.py\", line 264, in test_06\n    wk.click('xpath',dimensionality['check_box'])\n  File \"C:\\Users\\jay52\\PycharmProjects\\6noble\\KeyWords\\keyword_web.py\", line 67, in click\n    self.locator(name, value).click()\n  File \"C:\\Users\\jay52\\PycharmProjects\\6noble\\KeyWords\\keyword_web.py\", line 51, in locator\n    return self.driver.find_element(name, value)\n  File \"C:\\Users\\jay52\\AppData\\Local\\Programs\\Python\\Python38\\lib\\site-packages\\selenium\\webdriver\\remote\\webdriver.py\", line 1251, in find_element\n    return self.execute(Command.FIND_ELEMENT, {\n  File \"C:\\Users\\jay52\\AppData\\Local\\Programs\\Python\\Python38\\lib\\site-packages\\selenium\\webdriver\\remote\\webdriver.py\", line 430, in execute\n    self.error_handler.check_response(response)\n  File \"C:\\Users\\jay52\\AppData\\Local\\Programs\\Python\\Python38\\lib\\site-packages\\selenium\\webdriver\\remote\\errorhandler.py\", line 247, in check_response\n    raise exception_class(message, screen, stacktrace)\n"}, "start": 1659424319759, "stop": 1659424331074}, {"name": "添加失败截图:", "status": "passed", "attachments": [{"name": "失败截图", "source": "931004b2-796f-48b5-b6b6-c0142f81b582-attachment.png", "type": "image/png"}], "start": 1659424331370, "stop": 1659424331510}], "parameters": [{"name": "dimensionality", "value": "{'new_dimensionality': '//*[@id=\"root\"]/div/section/section/main/div/section/main/div[2]/div[1]/div[2]/div/button/span[2]', 'check_box': '/html/body/div[3]/div/div[2]/div/div[2]/div[2]/div/div[1]/div[2]/div[1]/div/div[1]/div/div/div/div/div/div[2]/table/tbody/tr[5]/td[1]/label/span/input', 'next': '/html/body/div[1]/div/section/section/main/div/div[2]/div[3]/div/form/div[2]/div/div/div/button[2]/span', 'result': '//*[@id=\"root\"]/div/section/section/main/div/div[2]/div[4]/div/form/div[1]/div/div[2]/div/div/div/div/div[2]/table/tbody/tr[2]/td[4]/div/div/div/div/div[2]/div/div/div', 'txt': '这是结果描述，测试使用', 'expected_result': '//*[@id=\"root\"]/div/section/section/main/div/section/main/div[2]/div[2]/div/div/div/div/div/div[2]/table/tbody/tr[2]/td[3]/span', 'title': '维度管理'}"}], "start": 1659424318945, "stop": 1659424331078, "uuid": "6496eca2-de2e-4fc8-ac8b-87b1871a74f2", "historyId": "765b9bbd18ba684e9690884c61cb3ba8", "testCaseId": "fcc0aa80d1c19d94f0714e271e40d28b", "fullName": "oms#test_06", "labels": [{"name": "severity", "value": "normal"}, {"name": "epic", "value": "测评管理"}, {"name": "story", "value": "维度管理"}, {"name": "suite", "value": "oms"}, {"name": "host", "value": "DESKTOP-FA1JTDA"}, {"name": "thread", "value": "58704-MainThread"}, {"name": "framework", "value": "pytest"}, {"name": "language", "value": "cpython3"}, {"name": "package", "value": "oms"}]}