{"name": "角色管理", "status": "broken", "statusDetails": {"message": "selenium.common.exceptions.ElementClickInterceptedException: Message: element click intercepted: Element <span class=\"ant-select-selection-placeholder\">...</span> is not clickable at point (659, 258). Other element would receive the click: <input type=\"search\" id=\"advanced_search_status\" autocomplete=\"off\" class=\"ant-select-selection-search-input\" role=\"combobox\" aria-haspopup=\"listbox\" aria-owns=\"advanced_search_status_list\" aria-autocomplete=\"list\" aria-controls=\"advanced_search_status_list\" aria-activedescendant=\"advanced_search_status_list_0\" readonly=\"\" unselectable=\"on\" value=\"\" style=\"opacity: 0;\">\n  (Session info: chrome=104.0.5112.81)\nStacktrace:\nBacktrace:\n\tOrdinal0 [0x004A78B3+2193587]\n\tOrdinal0 [0x00440681+1771137]\n\tOrdinal0 [0x003541A8+803240]\n\tOrdinal0 [0x00388C84+1019012]\n\tOrdinal0 [0x00386C48+1010760]\n\tOrdinal0 [0x0038493B+1001787]\n\tOrdinal0 [0x00383699+997017]\n\tOrdinal0 [0x00379223+954915]\n\tOrdinal0 [0x0039D7AC+1103788]\n\tOrdinal0 [0x00378C04+953348]\n\tOrdinal0 [0x0039D9C4+1104324]\n\tOrdinal0 [0x003ADAE2+1170146]\n\tOrdinal0 [0x0039D5C6+1103302]\n\tOrdinal0 [0x003777E0+948192]\n\tOrdinal0 [0x003786E6+952038]\n\tGetHandleVerifier [0x00750CB2+2738370]\n\tGetHandleVerifier [0x007421B8+2678216]\n\tGetHandleVerifier [0x005317AA+512954]\n\tGetHandleVerifier [0x00530856+509030]\n\tOrdinal0 [0x0044743B+1799227]\n\tOrdinal0 [0x0044BB68+1817448]\n\tOrdinal0 [0x0044BC55+1817685]\n\tOrdinal0 [0x00455230+1856048]\n\tBaseThreadInitThunk [0x75C56739+25]\n\tRtlGetFullPathName_UEx [0x77BB90AF+1215]\n\tRtlGetFullPathName_UEx [0x77BB907D+1165]", "trace": "Login = (<KeyWords.keyword_web.WebKeys object at 0x0000017D1A909A90>, <Logger logger (DEBUG)>)\nrole = {'add_role': '//*[@id=\"root\"]/div/section/section/main/div/section/main/div[2]/div[1]/div[2]/div/button', 'expected_re...an', 'role_status': '//*[@id=\"advanced_search\"]/div[1]/div/div[3]/div/div[2]/div/div/div/div/span[2]', 'title': '角色管理'}\n\n    @pytest.mark.parametrize('role',load_yaml('../data/role_management.yaml'))\n    @allure.epic('权限管理')\n    @allure.severity('normal')\n    @allure.story('角色管理')\n    def test_08(Login,role):\n        wk, log = Login\n        allure.dynamic.title(role['title'])\n        with allure.step('点击进入权限管理'):\n            wk.click('xpath','//span[text()=\"权限管理\"]')\n        with allure.step('点击进入角色管理'):\n            wk.click('xpath','//a[text()=\"角色管理\"]')\n        with allure.step('点击进入新增角色'):\n            wk.click('xpath',role['add_role'])\n        with allure.step('输入角色名称'):\n            role_name='测试角色No'+str(get_random(1,999))\n            wk.input('id','advanced_search_roleName',role_name)\n        with allure.step('输入角色编码'):\n            role_coding=get_random(1,9999)\n            wk.input('id','advanced_search_roleCode',role_coding)\n        with allure.step('选择角色状态'):\n>           wk.click('xpath',role['role_status'])\n\noms.py:413: \n_ _ _ _ _ _ _ _ _ _ _ _ _ _ _ _ _ _ _ _ _ _ _ _ _ _ _ _ _ _ _ _ _ _ _ _ _ _ _ _\n..\\KeyWords\\keyword_web.py:82: in click\n    self.locator(name, value).click()\n..\\..\\..\\AppData\\Local\\Programs\\Python\\Python38\\lib\\site-packages\\selenium\\webdriver\\remote\\webelement.py:89: in click\n    self._execute(Command.CLICK_ELEMENT)\n..\\..\\..\\AppData\\Local\\Programs\\Python\\Python38\\lib\\site-packages\\selenium\\webdriver\\remote\\webelement.py:773: in _execute\n    return self._parent.execute(command, params)\n..\\..\\..\\AppData\\Local\\Programs\\Python\\Python38\\lib\\site-packages\\selenium\\webdriver\\remote\\webdriver.py:430: in execute\n    self.error_handler.check_response(response)\n_ _ _ _ _ _ _ _ _ _ _ _ _ _ _ _ _ _ _ _ _ _ _ _ _ _ _ _ _ _ _ _ _ _ _ _ _ _ _ _\n\nself = <selenium.webdriver.remote.errorhandler.ErrorHandler object at 0x0000017D1A909CA0>\nresponse = {'status': 400, 'value': '{\"value\":{\"error\":\"element click intercepted\",\"message\":\"element click intercepted: Element ...unk [0x75C56739+25]\\\\n\\\\tRtlGetFullPathName_UEx [0x77BB90AF+1215]\\\\n\\\\tRtlGetFullPathName_UEx [0x77BB907D+1165]\\\\n\"}}'}\n\n    def check_response(self, response: Dict[str, Any]) -> None:\n        \"\"\"\n        Checks that a JSON response from the WebDriver does not have an error.\n    \n        :Args:\n         - response - The JSON response from the WebDriver server as a dictionary\n           object.\n    \n        :Raises: If the response contains an error message.\n        \"\"\"\n        status = response.get('status', None)\n        if not status or status == ErrorCode.SUCCESS:\n            return\n        value = None\n        message = response.get(\"message\", \"\")\n        screen: str = response.get(\"screen\", \"\")\n        stacktrace = None\n        if isinstance(status, int):\n            value_json = response.get('value', None)\n            if value_json and isinstance(value_json, str):\n                import json\n                try:\n                    value = json.loads(value_json)\n                    if len(value.keys()) == 1:\n                        value = value['value']\n                    status = value.get('error', None)\n                    if not status:\n                        status = value.get(\"status\", ErrorCode.UNKNOWN_ERROR)\n                        message = value.get(\"value\") or value.get(\"message\")\n                        if not isinstance(message, str):\n                            value = message\n                            message = message.get('message')\n                    else:\n                        message = value.get('message', None)\n                except ValueError:\n                    pass\n    \n        exception_class: Type[WebDriverException]\n        if status in ErrorCode.NO_SUCH_ELEMENT:\n            exception_class = NoSuchElementException\n        elif status in ErrorCode.NO_SUCH_FRAME:\n            exception_class = NoSuchFrameException\n        elif status in ErrorCode.NO_SUCH_SHADOW_ROOT:\n            exception_class = NoSuchShadowRootException\n        elif status in ErrorCode.NO_SUCH_WINDOW:\n            exception_class = NoSuchWindowException\n        elif status in ErrorCode.STALE_ELEMENT_REFERENCE:\n            exception_class = StaleElementReferenceException\n        elif status in ErrorCode.ELEMENT_NOT_VISIBLE:\n            exception_class = ElementNotVisibleException\n        elif status in ErrorCode.INVALID_ELEMENT_STATE:\n            exception_class = InvalidElementStateException\n        elif status in ErrorCode.INVALID_SELECTOR \\\n                or status in ErrorCode.INVALID_XPATH_SELECTOR \\\n                or status in ErrorCode.INVALID_XPATH_SELECTOR_RETURN_TYPER:\n            exception_class = InvalidSelectorException\n        elif status in ErrorCode.ELEMENT_IS_NOT_SELECTABLE:\n            exception_class = ElementNotSelectableException\n        elif status in ErrorCode.ELEMENT_NOT_INTERACTABLE:\n            exception_class = ElementNotInteractableException\n        elif status in ErrorCode.INVALID_COOKIE_DOMAIN:\n            exception_class = InvalidCookieDomainException\n        elif status in ErrorCode.UNABLE_TO_SET_COOKIE:\n            exception_class = UnableToSetCookieException\n        elif status in ErrorCode.TIMEOUT:\n            exception_class = TimeoutException\n        elif status in ErrorCode.SCRIPT_TIMEOUT:\n            exception_class = TimeoutException\n        elif status in ErrorCode.UNKNOWN_ERROR:\n            exception_class = WebDriverException\n        elif status in ErrorCode.UNEXPECTED_ALERT_OPEN:\n            exception_class = UnexpectedAlertPresentException\n        elif status in ErrorCode.NO_ALERT_OPEN:\n            exception_class = NoAlertPresentException\n        elif status in ErrorCode.IME_NOT_AVAILABLE:\n            exception_class = ImeNotAvailableException\n        elif status in ErrorCode.IME_ENGINE_ACTIVATION_FAILED:\n            exception_class = ImeActivationFailedException\n        elif status in ErrorCode.MOVE_TARGET_OUT_OF_BOUNDS:\n            exception_class = MoveTargetOutOfBoundsException\n        elif status in ErrorCode.JAVASCRIPT_ERROR:\n            exception_class = JavascriptException\n        elif status in ErrorCode.SESSION_NOT_CREATED:\n            exception_class = SessionNotCreatedException\n        elif status in ErrorCode.INVALID_ARGUMENT:\n            exception_class = InvalidArgumentException\n        elif status in ErrorCode.NO_SUCH_COOKIE:\n            exception_class = NoSuchCookieException\n        elif status in ErrorCode.UNABLE_TO_CAPTURE_SCREEN:\n            exception_class = ScreenshotException\n        elif status in ErrorCode.ELEMENT_CLICK_INTERCEPTED:\n            exception_class = ElementClickInterceptedException\n        elif status in ErrorCode.INSECURE_CERTIFICATE:\n            exception_class = InsecureCertificateException\n        elif status in ErrorCode.INVALID_COORDINATES:\n            exception_class = InvalidCoordinatesException\n        elif status in ErrorCode.INVALID_SESSION_ID:\n            exception_class = InvalidSessionIdException\n        elif status in ErrorCode.UNKNOWN_METHOD:\n            exception_class = UnknownMethodException\n        else:\n            exception_class = WebDriverException\n        if not value:\n            value = response['value']\n        if isinstance(value, str):\n            raise exception_class(value)\n        if message == \"\" and 'message' in value:\n            message = value['message']\n    \n        screen = None  # type: ignore[assignment]\n        if 'screen' in value:\n            screen = value['screen']\n    \n        stacktrace = None\n        st_value = value.get('stackTrace') or value.get('stacktrace')\n        if st_value:\n            if isinstance(st_value, str):\n                stacktrace = st_value.split('\\n')\n            else:\n                stacktrace = []\n                try:\n                    for frame in st_value:\n                        line = self._value_or_default(frame, 'lineNumber', '')\n                        file = self._value_or_default(frame, 'fileName', '<anonymous>')\n                        if line:\n                            file = \"%s:%s\" % (file, line)\n                        meth = self._value_or_default(frame, 'methodName', '<anonymous>')\n                        if 'className' in frame:\n                            meth = \"%s.%s\" % (frame['className'], meth)\n                        msg = \"    at %s (%s)\"\n                        msg = msg % (meth, file)\n                        stacktrace.append(msg)\n                except TypeError:\n                    pass\n        if exception_class == UnexpectedAlertPresentException:\n            alert_text = None\n            if 'data' in value:\n                alert_text = value['data'].get('text')\n            elif 'alert' in value:\n                alert_text = value['alert'].get('text')\n            raise exception_class(message, screen, stacktrace, alert_text)  # type: ignore[call-arg]  # mypy is not smart enough here\n>       raise exception_class(message, screen, stacktrace)\nE       selenium.common.exceptions.ElementClickInterceptedException: Message: element click intercepted: Element <span class=\"ant-select-selection-placeholder\">...</span> is not clickable at point (659, 258). Other element would receive the click: <input type=\"search\" id=\"advanced_search_status\" autocomplete=\"off\" class=\"ant-select-selection-search-input\" role=\"combobox\" aria-haspopup=\"listbox\" aria-owns=\"advanced_search_status_list\" aria-autocomplete=\"list\" aria-controls=\"advanced_search_status_list\" aria-activedescendant=\"advanced_search_status_list_0\" readonly=\"\" unselectable=\"on\" value=\"\" style=\"opacity: 0;\">\nE         (Session info: chrome=104.0.5112.81)\nE       Stacktrace:\nE       Backtrace:\nE       \tOrdinal0 [0x004A78B3+2193587]\nE       \tOrdinal0 [0x00440681+1771137]\nE       \tOrdinal0 [0x003541A8+803240]\nE       \tOrdinal0 [0x00388C84+1019012]\nE       \tOrdinal0 [0x00386C48+1010760]\nE       \tOrdinal0 [0x0038493B+1001787]\nE       \tOrdinal0 [0x00383699+997017]\nE       \tOrdinal0 [0x00379223+954915]\nE       \tOrdinal0 [0x0039D7AC+1103788]\nE       \tOrdinal0 [0x00378C04+953348]\nE       \tOrdinal0 [0x0039D9C4+1104324]\nE       \tOrdinal0 [0x003ADAE2+1170146]\nE       \tOrdinal0 [0x0039D5C6+1103302]\nE       \tOrdinal0 [0x003777E0+948192]\nE       \tOrdinal0 [0x003786E6+952038]\nE       \tGetHandleVerifier [0x00750CB2+2738370]\nE       \tGetHandleVerifier [0x007421B8+2678216]\nE       \tGetHandleVerifier [0x005317AA+512954]\nE       \tGetHandleVerifier [0x00530856+509030]\nE       \tOrdinal0 [0x0044743B+1799227]\nE       \tOrdinal0 [0x0044BB68+1817448]\nE       \tOrdinal0 [0x0044BC55+1817685]\nE       \tOrdinal0 [0x00455230+1856048]\nE       \tBaseThreadInitThunk [0x75C56739+25]\nE       \tRtlGetFullPathName_UEx [0x77BB90AF+1215]\nE       \tRtlGetFullPathName_UEx [0x77BB907D+1165]\n\n..\\..\\..\\AppData\\Local\\Programs\\Python\\Python38\\lib\\site-packages\\selenium\\webdriver\\remote\\errorhandler.py:247: ElementClickInterceptedException"}, "steps": [{"name": "点击进入权限管理", "status": "passed", "start": 1660546763719, "stop": 1660546763775}, {"name": "点击进入角色管理", "status": "passed", "start": 1660546763775, "stop": 1660546764000}, {"name": "点击进入新增角色", "status": "passed", "start": 1660546764000, "stop": 1660546764081}, {"name": "输入角色名称", "status": "passed", "start": 1660546764081, "stop": 1660546764161}, {"name": "输入角色编码", "status": "passed", "start": 1660546764161, "stop": 1660546764301}, {"name": "选择角色状态", "status": "broken", "statusDetails": {"message": "selenium.common.exceptions.ElementClickInterceptedException: Message: element click intercepted: Element <span class=\"ant-select-selection-placeholder\">...</span> is not clickable at point (659, 258). Other element would receive the click: <input type=\"search\" id=\"advanced_search_status\" autocomplete=\"off\" class=\"ant-select-selection-search-input\" role=\"combobox\" aria-haspopup=\"listbox\" aria-owns=\"advanced_search_status_list\" aria-autocomplete=\"list\" aria-controls=\"advanced_search_status_list\" aria-activedescendant=\"advanced_search_status_list_0\" readonly=\"\" unselectable=\"on\" value=\"\" style=\"opacity: 0;\">\n  (Session info: chrome=104.0.5112.81)\nStacktrace:\nBacktrace:\n\tOrdinal0 [0x004A78B3+2193587]\n\tOrdinal0 [0x00440681+1771137]\n\tOrdinal0 [0x003541A8+803240]\n\tOrdinal0 [0x00388C84+1019012]\n\tOrdinal0 [0x00386C48+1010760]\n\tOrdinal0 [0x0038493B+1001787]\n\tOrdinal0 [0x00383699+997017]\n\tOrdinal0 [0x00379223+954915]\n\tOrdinal0 [0x0039D7AC+1103788]\n\tOrdinal0 [0x00378C04+953348]\n\tOrdinal0 [0x0039D9C4+1104324]\n\tOrdinal0 [0x003ADAE2+1170146]\n\tOrdinal0 [0x0039D5C6+1103302]\n\tOrdinal0 [0x003777E0+948192]\n\tOrdinal0 [0x003786E6+952038]\n\tGetHandleVerifier [0x00750CB2+2738370]\n\tGetHandleVerifier [0x007421B8+2678216]\n\tGetHandleVerifier [0x005317AA+512954]\n\tGetHandleVerifier [0x00530856+509030]\n\tOrdinal0 [0x0044743B+1799227]\n\tOrdinal0 [0x0044BB68+1817448]\n\tOrdinal0 [0x0044BC55+1817685]\n\tOrdinal0 [0x00455230+1856048]\n\tBaseThreadInitThunk [0x75C56739+25]\n\tRtlGetFullPathName_UEx [0x77BB90AF+1215]\n\tRtlGetFullPathName_UEx [0x77BB907D+1165]\n\n", "trace": "  File \"C:\\Users\\jay52\\PycharmProjects\\6noble\\case\\oms.py\", line 413, in test_08\n    wk.click('xpath',role['role_status'])\n  File \"C:\\Users\\jay52\\PycharmProjects\\6noble\\KeyWords\\keyword_web.py\", line 82, in click\n    self.locator(name, value).click()\n  File \"C:\\Users\\jay52\\AppData\\Local\\Programs\\Python\\Python38\\lib\\site-packages\\selenium\\webdriver\\remote\\webelement.py\", line 89, in click\n    self._execute(Command.CLICK_ELEMENT)\n  File \"C:\\Users\\jay52\\AppData\\Local\\Programs\\Python\\Python38\\lib\\site-packages\\selenium\\webdriver\\remote\\webelement.py\", line 773, in _execute\n    return self._parent.execute(command, params)\n  File \"C:\\Users\\jay52\\AppData\\Local\\Programs\\Python\\Python38\\lib\\site-packages\\selenium\\webdriver\\remote\\webdriver.py\", line 430, in execute\n    self.error_handler.check_response(response)\n  File \"C:\\Users\\jay52\\AppData\\Local\\Programs\\Python\\Python38\\lib\\site-packages\\selenium\\webdriver\\remote\\errorhandler.py\", line 247, in check_response\n    raise exception_class(message, screen, stacktrace)\n"}, "start": 1660546764301, "stop": 1660546765397}, {"name": "添加失败截图:", "status": "passed", "attachments": [{"name": "失败截图", "source": "07b71c26-a15f-4ce6-8735-5f7d8d8a3a91-attachment.png", "type": "image/png"}], "start": 1660546765457, "stop": 1660546765613}], "parameters": [{"name": "role", "value": "{'title': '角色管理', 'add_role': '//*[@id=\"root\"]/div/section/section/main/div/section/main/div[2]/div[1]/div[2]/div/button', 'role_status': '//*[@id=\"advanced_search\"]/div[1]/div/div[3]/div/div[2]/div/div/div/div/span[2]', 'expected_result': '//*[@id=\"root\"]/div/section/section/main/div/section/main/div[2]/div[2]/div/div/div/div/div/div[2]/table/tbody/tr[2]/td[2]/span'}"}], "start": 1660546763718, "stop": 1660546765398, "uuid": "1cc28f65-1270-4bcb-acc4-f18396037a86", "historyId": "a0c83b7aec662fe9016221ec0ca01747", "testCaseId": "be56d1ce0ecd36c8d391218e61b88092", "fullName": "oms#test_08", "labels": [{"name": "epic", "value": "权限管理"}, {"name": "story", "value": "角色管理"}, {"name": "severity", "value": "normal"}, {"name": "suite", "value": "oms"}, {"name": "host", "value": "DESKTOP-FA1JTDA"}, {"name": "thread", "value": "14320-MainThread"}, {"name": "framework", "value": "pytest"}, {"name": "language", "value": "cpython3"}, {"name": "package", "value": "oms"}]}