{"name": "维度管理", "status": "broken", "statusDetails": {"message": "selenium.common.exceptions.NoSuchElementException: Message: no such element: Unable to locate element: {\"method\":\"css selector\",\"selector\":\"[id=\"tableForm_0_minScore\"]\"}\n  (Session info: chrome=104.0.5112.81)\nStacktrace:\nBacktrace:\n\tOrdinal0 [0x004A78B3+2193587]\n\tOrdinal0 [0x00440681+1771137]\n\tOrdinal0 [0x003541A8+803240]\n\tOrdinal0 [0x003824A0+992416]\n\tOrdinal0 [0x0038273B+993083]\n\tOrdinal0 [0x003AF7C2+1177538]\n\tOrdinal0 [0x0039D7F4+1103860]\n\tOrdinal0 [0x003ADAE2+1170146]\n\tOrdinal0 [0x0039D5C6+1103302]\n\tOrdinal0 [0x003777E0+948192]\n\tOrdinal0 [0x003786E6+952038]\n\tGetHandleVerifier [0x00750CB2+2738370]\n\tGetHandleVerifier [0x007421B8+2678216]\n\tGetHandleVerifier [0x005317AA+512954]\n\tGetHandleVerifier [0x00530856+509030]\n\tOrdinal0 [0x0044743B+1799227]\n\tOrdinal0 [0x0044BB68+1817448]\n\tOrdinal0 [0x0044BC55+1817685]\n\tOrdinal0 [0x00455230+1856048]\n\tBaseThreadInitThunk [0x75C56739+25]\n\tRtlGetFullPathName_UEx [0x77BB90AF+1215]\n\tRtlGetFullPathName_UEx [0x77BB907D+1165]", "trace": "Login = (<KeyWords.keyword_web.WebKeys object at 0x0000017D1A909A90>, <Logger logger (DEBUG)>)\ndimensionality = {'button': '//*[@id=\"root\"]/div/section/section/main/div/div[2]/div[2]/div/div[3]/button[2]/span', 'check_box': 'td[cl...ensionality': '//*[@id=\"root\"]/div/section/section/main/div/section/main/div[2]/div[1]/div[2]/div/button/span[2]', ...}\n\n    @pytest.mark.parametrize('dimensionality',load_yaml('../data/dimensionality_management.yaml'))\n    @allure.epic('测评管理')\n    @allure.severity('normal')\n    @allure.story('维度管理')\n    def test_06(Login,dimensionality):\n        wk, log = Login\n        allure.dynamic.title(dimensionality['title'])\n        with allure.step('点击进入测评管理'):\n            wk.click('xpath','//span[text()=\"测评管理\"]')\n        with allure.step('点击进入维度管理'):\n            wk.click('xpath','//a[text()=\"维度管理\"]')\n        with allure.step('点击进入新增维度'):\n            wk.click('xpath',dimensionality['new_dimensionality'])\n        with allure.step('填写维度名称'):\n            dimensionality_name='测试维度No.'+str(get_random(1,999))\n            wk.input('id','dimensionNameForm_name',dimensionality_name)\n        with allure.step('保存并下一步'):\n            wk.scroll_foot()\n            wk.click('xpath', '//span[text()=\"保存并下一步\"]')\n        with allure.step('添加因子'):\n            wk.click('xpath','//span[text()=\"添加因子\"]')\n            wk.wait(1)\n            #选择所有的checkbox并全部勾上\n            checkboxes = wk.locators('css selector',dimensionality['check_box'])\n            for checkbox in checkboxes:\n                    wk.wait(0.5)\n                    checkbox.click()\n            # # 把页面上最后1个checkbox的勾给去掉\n            # checkboxes.pop().click()\n            #提交选择的题目\n            wk.click('xpath','//p[text()=\"确定\"]')\n            wk.wait(3)\n            #等待页面加载完成，点击保存并下一步\n            wk.click('xpath',dimensionality['button'])\n        with allure.step('维度得分模块'):\n            #点击维度得分\n            wk.click('id','fractionModeForm_rulesId')\n            #选择计分方式\n            wk.click('xpath','//div[text()=\"求平均值\"]')\n            wk.wait(1)\n            wk.click('xpath',dimensionality['next'])\n        with allure.step('结果解释模块'):\n            #点击添加选项按钮\n            wk.click('xpath','//span[text()=\"添加选项\"]')\n            wk.wait(2)\n            #填入最小值\n>           wk.input('id','tableForm_0_minScore',1)\n\noms.py:295: \n_ _ _ _ _ _ _ _ _ _ _ _ _ _ _ _ _ _ _ _ _ _ _ _ _ _ _ _ _ _ _ _ _ _ _ _ _ _ _ _\n..\\KeyWords\\keyword_web.py:78: in input\n    self.locator(name, value).send_keys(txt)\n..\\KeyWords\\keyword_web.py:62: in locator\n    return self.driver.find_element(name, value)\n..\\..\\..\\AppData\\Local\\Programs\\Python\\Python38\\lib\\site-packages\\selenium\\webdriver\\remote\\webdriver.py:1251: in find_element\n    return self.execute(Command.FIND_ELEMENT, {\n..\\..\\..\\AppData\\Local\\Programs\\Python\\Python38\\lib\\site-packages\\selenium\\webdriver\\remote\\webdriver.py:430: in execute\n    self.error_handler.check_response(response)\n_ _ _ _ _ _ _ _ _ _ _ _ _ _ _ _ _ _ _ _ _ _ _ _ _ _ _ _ _ _ _ _ _ _ _ _ _ _ _ _\n\nself = <selenium.webdriver.remote.errorhandler.ErrorHandler object at 0x0000017D1A909CA0>\nresponse = {'status': 404, 'value': '{\"value\":{\"error\":\"no such element\",\"message\":\"no such element: Unable to locate element: {\\...unk [0x75C56739+25]\\\\n\\\\tRtlGetFullPathName_UEx [0x77BB90AF+1215]\\\\n\\\\tRtlGetFullPathName_UEx [0x77BB907D+1165]\\\\n\"}}'}\n\n    def check_response(self, response: Dict[str, Any]) -> None:\n        \"\"\"\n        Checks that a JSON response from the WebDriver does not have an error.\n    \n        :Args:\n         - response - The JSON response from the WebDriver server as a dictionary\n           object.\n    \n        :Raises: If the response contains an error message.\n        \"\"\"\n        status = response.get('status', None)\n        if not status or status == ErrorCode.SUCCESS:\n            return\n        value = None\n        message = response.get(\"message\", \"\")\n        screen: str = response.get(\"screen\", \"\")\n        stacktrace = None\n        if isinstance(status, int):\n            value_json = response.get('value', None)\n            if value_json and isinstance(value_json, str):\n                import json\n                try:\n                    value = json.loads(value_json)\n                    if len(value.keys()) == 1:\n                        value = value['value']\n                    status = value.get('error', None)\n                    if not status:\n                        status = value.get(\"status\", ErrorCode.UNKNOWN_ERROR)\n                        message = value.get(\"value\") or value.get(\"message\")\n                        if not isinstance(message, str):\n                            value = message\n                            message = message.get('message')\n                    else:\n                        message = value.get('message', None)\n                except ValueError:\n                    pass\n    \n        exception_class: Type[WebDriverException]\n        if status in ErrorCode.NO_SUCH_ELEMENT:\n            exception_class = NoSuchElementException\n        elif status in ErrorCode.NO_SUCH_FRAME:\n            exception_class = NoSuchFrameException\n        elif status in ErrorCode.NO_SUCH_SHADOW_ROOT:\n            exception_class = NoSuchShadowRootException\n        elif status in ErrorCode.NO_SUCH_WINDOW:\n            exception_class = NoSuchWindowException\n        elif status in ErrorCode.STALE_ELEMENT_REFERENCE:\n            exception_class = StaleElementReferenceException\n        elif status in ErrorCode.ELEMENT_NOT_VISIBLE:\n            exception_class = ElementNotVisibleException\n        elif status in ErrorCode.INVALID_ELEMENT_STATE:\n            exception_class = InvalidElementStateException\n        elif status in ErrorCode.INVALID_SELECTOR \\\n                or status in ErrorCode.INVALID_XPATH_SELECTOR \\\n                or status in ErrorCode.INVALID_XPATH_SELECTOR_RETURN_TYPER:\n            exception_class = InvalidSelectorException\n        elif status in ErrorCode.ELEMENT_IS_NOT_SELECTABLE:\n            exception_class = ElementNotSelectableException\n        elif status in ErrorCode.ELEMENT_NOT_INTERACTABLE:\n            exception_class = ElementNotInteractableException\n        elif status in ErrorCode.INVALID_COOKIE_DOMAIN:\n            exception_class = InvalidCookieDomainException\n        elif status in ErrorCode.UNABLE_TO_SET_COOKIE:\n            exception_class = UnableToSetCookieException\n        elif status in ErrorCode.TIMEOUT:\n            exception_class = TimeoutException\n        elif status in ErrorCode.SCRIPT_TIMEOUT:\n            exception_class = TimeoutException\n        elif status in ErrorCode.UNKNOWN_ERROR:\n            exception_class = WebDriverException\n        elif status in ErrorCode.UNEXPECTED_ALERT_OPEN:\n            exception_class = UnexpectedAlertPresentException\n        elif status in ErrorCode.NO_ALERT_OPEN:\n            exception_class = NoAlertPresentException\n        elif status in ErrorCode.IME_NOT_AVAILABLE:\n            exception_class = ImeNotAvailableException\n        elif status in ErrorCode.IME_ENGINE_ACTIVATION_FAILED:\n            exception_class = ImeActivationFailedException\n        elif status in ErrorCode.MOVE_TARGET_OUT_OF_BOUNDS:\n            exception_class = MoveTargetOutOfBoundsException\n        elif status in ErrorCode.JAVASCRIPT_ERROR:\n            exception_class = JavascriptException\n        elif status in ErrorCode.SESSION_NOT_CREATED:\n            exception_class = SessionNotCreatedException\n        elif status in ErrorCode.INVALID_ARGUMENT:\n            exception_class = InvalidArgumentException\n        elif status in ErrorCode.NO_SUCH_COOKIE:\n            exception_class = NoSuchCookieException\n        elif status in ErrorCode.UNABLE_TO_CAPTURE_SCREEN:\n            exception_class = ScreenshotException\n        elif status in ErrorCode.ELEMENT_CLICK_INTERCEPTED:\n            exception_class = ElementClickInterceptedException\n        elif status in ErrorCode.INSECURE_CERTIFICATE:\n            exception_class = InsecureCertificateException\n        elif status in ErrorCode.INVALID_COORDINATES:\n            exception_class = InvalidCoordinatesException\n        elif status in ErrorCode.INVALID_SESSION_ID:\n            exception_class = InvalidSessionIdException\n        elif status in ErrorCode.UNKNOWN_METHOD:\n            exception_class = UnknownMethodException\n        else:\n            exception_class = WebDriverException\n        if not value:\n            value = response['value']\n        if isinstance(value, str):\n            raise exception_class(value)\n        if message == \"\" and 'message' in value:\n            message = value['message']\n    \n        screen = None  # type: ignore[assignment]\n        if 'screen' in value:\n            screen = value['screen']\n    \n        stacktrace = None\n        st_value = value.get('stackTrace') or value.get('stacktrace')\n        if st_value:\n            if isinstance(st_value, str):\n                stacktrace = st_value.split('\\n')\n            else:\n                stacktrace = []\n                try:\n                    for frame in st_value:\n                        line = self._value_or_default(frame, 'lineNumber', '')\n                        file = self._value_or_default(frame, 'fileName', '<anonymous>')\n                        if line:\n                            file = \"%s:%s\" % (file, line)\n                        meth = self._value_or_default(frame, 'methodName', '<anonymous>')\n                        if 'className' in frame:\n                            meth = \"%s.%s\" % (frame['className'], meth)\n                        msg = \"    at %s (%s)\"\n                        msg = msg % (meth, file)\n                        stacktrace.append(msg)\n                except TypeError:\n                    pass\n        if exception_class == UnexpectedAlertPresentException:\n            alert_text = None\n            if 'data' in value:\n                alert_text = value['data'].get('text')\n            elif 'alert' in value:\n                alert_text = value['alert'].get('text')\n            raise exception_class(message, screen, stacktrace, alert_text)  # type: ignore[call-arg]  # mypy is not smart enough here\n>       raise exception_class(message, screen, stacktrace)\nE       selenium.common.exceptions.NoSuchElementException: Message: no such element: Unable to locate element: {\"method\":\"css selector\",\"selector\":\"[id=\"tableForm_0_minScore\"]\"}\nE         (Session info: chrome=104.0.5112.81)\nE       Stacktrace:\nE       Backtrace:\nE       \tOrdinal0 [0x004A78B3+2193587]\nE       \tOrdinal0 [0x00440681+1771137]\nE       \tOrdinal0 [0x003541A8+803240]\nE       \tOrdinal0 [0x003824A0+992416]\nE       \tOrdinal0 [0x0038273B+993083]\nE       \tOrdinal0 [0x003AF7C2+1177538]\nE       \tOrdinal0 [0x0039D7F4+1103860]\nE       \tOrdinal0 [0x003ADAE2+1170146]\nE       \tOrdinal0 [0x0039D5C6+1103302]\nE       \tOrdinal0 [0x003777E0+948192]\nE       \tOrdinal0 [0x003786E6+952038]\nE       \tGetHandleVerifier [0x00750CB2+2738370]\nE       \tGetHandleVerifier [0x007421B8+2678216]\nE       \tGetHandleVerifier [0x005317AA+512954]\nE       \tGetHandleVerifier [0x00530856+509030]\nE       \tOrdinal0 [0x0044743B+1799227]\nE       \tOrdinal0 [0x0044BB68+1817448]\nE       \tOrdinal0 [0x0044BC55+1817685]\nE       \tOrdinal0 [0x00455230+1856048]\nE       \tBaseThreadInitThunk [0x75C56739+25]\nE       \tRtlGetFullPathName_UEx [0x77BB90AF+1215]\nE       \tRtlGetFullPathName_UEx [0x77BB907D+1165]\n\n..\\..\\..\\AppData\\Local\\Programs\\Python\\Python38\\lib\\site-packages\\selenium\\webdriver\\remote\\errorhandler.py:247: NoSuchElementException"}, "steps": [{"name": "点击进入测评管理", "status": "passed", "start": 1660546689909, "stop": 1660546689946}, {"name": "点击进入维度管理", "status": "passed", "start": 1660546689946, "stop": 1660546690016}, {"name": "点击进入新增维度", "status": "passed", "start": 1660546690016, "stop": 1660546690145}, {"name": "填写维度名称", "status": "passed", "start": 1660546690146, "stop": 1660546690266}, {"name": "保存并下一步", "status": "passed", "start": 1660546690266, "stop": 1660546690327}, {"name": "添加因子", "status": "passed", "start": 1660546690327, "stop": 1660546700285}, {"name": "维度得分模块", "status": "passed", "start": 1660546700285, "stop": 1660546701646}, {"name": "结果解释模块", "status": "broken", "statusDetails": {"message": "selenium.common.exceptions.NoSuchElementException: Message: no such element: Unable to locate element: {\"method\":\"css selector\",\"selector\":\"[id=\"tableForm_0_minScore\"]\"}\n  (Session info: chrome=104.0.5112.81)\nStacktrace:\nBacktrace:\n\tOrdinal0 [0x004A78B3+2193587]\n\tOrdinal0 [0x00440681+1771137]\n\tOrdinal0 [0x003541A8+803240]\n\tOrdinal0 [0x003824A0+992416]\n\tOrdinal0 [0x0038273B+993083]\n\tOrdinal0 [0x003AF7C2+1177538]\n\tOrdinal0 [0x0039D7F4+1103860]\n\tOrdinal0 [0x003ADAE2+1170146]\n\tOrdinal0 [0x0039D5C6+1103302]\n\tOrdinal0 [0x003777E0+948192]\n\tOrdinal0 [0x003786E6+952038]\n\tGetHandleVerifier [0x00750CB2+2738370]\n\tGetHandleVerifier [0x007421B8+2678216]\n\tGetHandleVerifier [0x005317AA+512954]\n\tGetHandleVerifier [0x00530856+509030]\n\tOrdinal0 [0x0044743B+1799227]\n\tOrdinal0 [0x0044BB68+1817448]\n\tOrdinal0 [0x0044BC55+1817685]\n\tOrdinal0 [0x00455230+1856048]\n\tBaseThreadInitThunk [0x75C56739+25]\n\tRtlGetFullPathName_UEx [0x77BB90AF+1215]\n\tRtlGetFullPathName_UEx [0x77BB907D+1165]\n\n", "trace": "  File \"C:\\Users\\jay52\\PycharmProjects\\6noble\\case\\oms.py\", line 295, in test_06\n    wk.input('id','tableForm_0_minScore',1)\n  File \"C:\\Users\\jay52\\PycharmProjects\\6noble\\KeyWords\\keyword_web.py\", line 78, in input\n    self.locator(name, value).send_keys(txt)\n  File \"C:\\Users\\jay52\\PycharmProjects\\6noble\\KeyWords\\keyword_web.py\", line 62, in locator\n    return self.driver.find_element(name, value)\n  File \"C:\\Users\\jay52\\AppData\\Local\\Programs\\Python\\Python38\\lib\\site-packages\\selenium\\webdriver\\remote\\webdriver.py\", line 1251, in find_element\n    return self.execute(Command.FIND_ELEMENT, {\n  File \"C:\\Users\\jay52\\AppData\\Local\\Programs\\Python\\Python38\\lib\\site-packages\\selenium\\webdriver\\remote\\webdriver.py\", line 430, in execute\n    self.error_handler.check_response(response)\n  File \"C:\\Users\\jay52\\AppData\\Local\\Programs\\Python\\Python38\\lib\\site-packages\\selenium\\webdriver\\remote\\errorhandler.py\", line 247, in check_response\n    raise exception_class(message, screen, stacktrace)\n"}, "start": 1660546701646, "stop": 1660546713854}, {"name": "添加失败截图:", "status": "passed", "attachments": [{"name": "失败截图", "source": "c8eb97bd-641a-4c9a-9447-da553dec6765-attachment.png", "type": "image/png"}], "start": 1660546713943, "stop": 1660546714063}], "parameters": [{"name": "dimensionality", "value": "{'new_dimensionality': '//*[@id=\"root\"]/div/section/section/main/div/section/main/div[2]/div[1]/div[2]/div/button/span[2]', 'check_box': 'td[class=\"ant-table-cell ant-table-selection-column\"]', 'button': '//*[@id=\"root\"]/div/section/section/main/div/div[2]/div[2]/div/div[3]/button[2]/span', 'next': '//*[@id=\"fractionModeForm\"]/div[3]/div/div/div/button[2]/span', 'result': '//*[@id=\"root\"]/div/section/section/main/div/div[2]/div[4]/div/form/div[1]/div/div[2]/div/div/div/div/div/div[2]/table/tbody/tr[2]/td[4]/div/div/div/div/div[2]/div/div[2]/div/div/div/div', 'txt': '这是结果描述，测试使用', 'expected_result': '//*[@id=\"root\"]/div/section/section/main/div/section/main/div[2]/div[2]/div/div/div/div/div/div[2]/table/tbody/tr[2]/td[3]/span', 'title': '维度管理'}"}], "start": 1660546689909, "stop": 1660546713854, "uuid": "2671ddfb-5de2-4df5-ae2a-1d88efaa415d", "historyId": "765b9bbd18ba684e9690884c61cb3ba8", "testCaseId": "fcc0aa80d1c19d94f0714e271e40d28b", "fullName": "oms#test_06", "labels": [{"name": "epic", "value": "测评管理"}, {"name": "story", "value": "维度管理"}, {"name": "severity", "value": "normal"}, {"name": "suite", "value": "oms"}, {"name": "host", "value": "DESKTOP-FA1JTDA"}, {"name": "thread", "value": "14320-MainThread"}, {"name": "framework", "value": "pytest"}, {"name": "language", "value": "cpython3"}, {"name": "package", "value": "oms"}]}