{"name": "悬停点击", "status": "broken", "statusDetails": {"message": "selenium.common.exceptions.InvalidSelectorException: Message: invalid selector: Unable to locate an element with the xpath expression \thttps://pc.6noblexc.com/img/photo_woman.ed916e5f.png because of the following error:\nSyntaxError: Failed to execute 'evaluate' on 'Document': The string '\thttps://pc.6noblexc.com/img/photo_woman.ed916e5f.png' is not a valid XPath expression.\n  (Session info: chrome=102.0.5005.115)\nStacktrace:\nBacktrace:\n\tOrdinal0 [0x0093D953+2414931]\n\tOrdinal0 [0x008CF5E1+1963489]\n\tOrdinal0 [0x007BC6B8+837304]\n\tOrdinal0 [0x007BF0B4+848052]\n\tOrdinal0 [0x007BEF72+847730]\n\tOrdinal0 [0x007BF200+848384]\n\tOrdinal0 [0x007E9215+1020437]\n\tOrdinal0 [0x007E979B+1021851]\n\tOrdinal0 [0x00816502+1205506]\n\tOrdinal0 [0x008044E4+1131748]\n\tOrdinal0 [0x00814812+1198098]\n\tOrdinal0 [0x008042B6+1131190]\n\tOrdinal0 [0x007DE860+976992]\n\tOrdinal0 [0x007DF756+980822]\n\tGetHandleVerifier [0x00BACC62+2510274]\n\tGetHandleVerifier [0x00B9F760+2455744]\n\tGetHandleVerifier [0x009CEABA+551962]\n\tGetHandleVerifier [0x009CD916+547446]\n\tOrdinal0 [0x008D5F3B+1990459]\n\tOrdinal0 [0x008DA898+2009240]\n\tOrdinal0 [0x008DA985+2009477]\n\tOrdinal0 [0x008E3AD1+2046673]\n\tBaseThreadInitThunk [0x7698FA29+25]\n\tRtlGetAppContainerNamedObjectPath [0x77857A7E+286]\n\tRtlGetAppContainerNamedObjectPath [0x77857A4E+238]", "trace": "Login = (<KeyWords.keyword_web.WebKeys object at 0x0000021F5878DA90>, <Logger logger (DEBUG)>)\n\n    @allure.title('查看报告')\n    def test_04(Login):\n        wk,log=Login\n        allure.dynamic.title('滑动到底部')\n        wk.scroll_foot()\n        wk.wait(1)\n        allure.dynamic.title('滑动到顶部')\n        wk.scroll_top()\n        wk.wait(1)\n        allure.dynamic.title('悬停点击')\n>       wk.mouse_hold('\thttps://pc.6noblexc.com/img/photo_woman.ed916e5f.png')\n\n6noble.py:77: \n_ _ _ _ _ _ _ _ _ _ _ _ _ _ _ _ _ _ _ _ _ _ _ _ _ _ _ _ _ _ _ _ _ _ _ _ _ _ _ _\n..\\KeyWords\\keyword_web.py:86: in mouse_hold\n    btn = self.locator(\"xpath\", path)\n..\\KeyWords\\keyword_web.py:44: in locator\n    return self.driver.find_element(name, value)\nC:\\Users\\jay52\\AppData\\Local\\Programs\\Python\\Python38\\lib\\site-packages\\selenium\\webdriver\\remote\\webdriver.py:1251: in find_element\n    return self.execute(Command.FIND_ELEMENT, {\nC:\\Users\\jay52\\AppData\\Local\\Programs\\Python\\Python38\\lib\\site-packages\\selenium\\webdriver\\remote\\webdriver.py:430: in execute\n    self.error_handler.check_response(response)\n_ _ _ _ _ _ _ _ _ _ _ _ _ _ _ _ _ _ _ _ _ _ _ _ _ _ _ _ _ _ _ _ _ _ _ _ _ _ _ _\n\nself = <selenium.webdriver.remote.errorhandler.ErrorHandler object at 0x0000021F587BD070>\nresponse = {'status': 400, 'value': '{\"value\":{\"error\":\"invalid selector\",\"message\":\"invalid selector: Unable to locate an elemen...\\n\\\\tRtlGetAppContainerNamedObjectPath [0x77857A7E+286]\\\\n\\\\tRtlGetAppContainerNamedObjectPath [0x77857A4E+238]\\\\n\"}}'}\n\n    def check_response(self, response: Dict[str, Any]) -> None:\n        \"\"\"\n        Checks that a JSON response from the WebDriver does not have an error.\n    \n        :Args:\n         - response - The JSON response from the WebDriver server as a dictionary\n           object.\n    \n        :Raises: If the response contains an error message.\n        \"\"\"\n        status = response.get('status', None)\n        if not status or status == ErrorCode.SUCCESS:\n            return\n        value = None\n        message = response.get(\"message\", \"\")\n        screen: str = response.get(\"screen\", \"\")\n        stacktrace = None\n        if isinstance(status, int):\n            value_json = response.get('value', None)\n            if value_json and isinstance(value_json, str):\n                import json\n                try:\n                    value = json.loads(value_json)\n                    if len(value.keys()) == 1:\n                        value = value['value']\n                    status = value.get('error', None)\n                    if not status:\n                        status = value.get(\"status\", ErrorCode.UNKNOWN_ERROR)\n                        message = value.get(\"value\") or value.get(\"message\")\n                        if not isinstance(message, str):\n                            value = message\n                            message = message.get('message')\n                    else:\n                        message = value.get('message', None)\n                except ValueError:\n                    pass\n    \n        exception_class: Type[WebDriverException]\n        if status in ErrorCode.NO_SUCH_ELEMENT:\n            exception_class = NoSuchElementException\n        elif status in ErrorCode.NO_SUCH_FRAME:\n            exception_class = NoSuchFrameException\n        elif status in ErrorCode.NO_SUCH_SHADOW_ROOT:\n            exception_class = NoSuchShadowRootException\n        elif status in ErrorCode.NO_SUCH_WINDOW:\n            exception_class = NoSuchWindowException\n        elif status in ErrorCode.STALE_ELEMENT_REFERENCE:\n            exception_class = StaleElementReferenceException\n        elif status in ErrorCode.ELEMENT_NOT_VISIBLE:\n            exception_class = ElementNotVisibleException\n        elif status in ErrorCode.INVALID_ELEMENT_STATE:\n            exception_class = InvalidElementStateException\n        elif status in ErrorCode.INVALID_SELECTOR \\\n                or status in ErrorCode.INVALID_XPATH_SELECTOR \\\n                or status in ErrorCode.INVALID_XPATH_SELECTOR_RETURN_TYPER:\n            exception_class = InvalidSelectorException\n        elif status in ErrorCode.ELEMENT_IS_NOT_SELECTABLE:\n            exception_class = ElementNotSelectableException\n        elif status in ErrorCode.ELEMENT_NOT_INTERACTABLE:\n            exception_class = ElementNotInteractableException\n        elif status in ErrorCode.INVALID_COOKIE_DOMAIN:\n            exception_class = InvalidCookieDomainException\n        elif status in ErrorCode.UNABLE_TO_SET_COOKIE:\n            exception_class = UnableToSetCookieException\n        elif status in ErrorCode.TIMEOUT:\n            exception_class = TimeoutException\n        elif status in ErrorCode.SCRIPT_TIMEOUT:\n            exception_class = TimeoutException\n        elif status in ErrorCode.UNKNOWN_ERROR:\n            exception_class = WebDriverException\n        elif status in ErrorCode.UNEXPECTED_ALERT_OPEN:\n            exception_class = UnexpectedAlertPresentException\n        elif status in ErrorCode.NO_ALERT_OPEN:\n            exception_class = NoAlertPresentException\n        elif status in ErrorCode.IME_NOT_AVAILABLE:\n            exception_class = ImeNotAvailableException\n        elif status in ErrorCode.IME_ENGINE_ACTIVATION_FAILED:\n            exception_class = ImeActivationFailedException\n        elif status in ErrorCode.MOVE_TARGET_OUT_OF_BOUNDS:\n            exception_class = MoveTargetOutOfBoundsException\n        elif status in ErrorCode.JAVASCRIPT_ERROR:\n            exception_class = JavascriptException\n        elif status in ErrorCode.SESSION_NOT_CREATED:\n            exception_class = SessionNotCreatedException\n        elif status in ErrorCode.INVALID_ARGUMENT:\n            exception_class = InvalidArgumentException\n        elif status in ErrorCode.NO_SUCH_COOKIE:\n            exception_class = NoSuchCookieException\n        elif status in ErrorCode.UNABLE_TO_CAPTURE_SCREEN:\n            exception_class = ScreenshotException\n        elif status in ErrorCode.ELEMENT_CLICK_INTERCEPTED:\n            exception_class = ElementClickInterceptedException\n        elif status in ErrorCode.INSECURE_CERTIFICATE:\n            exception_class = InsecureCertificateException\n        elif status in ErrorCode.INVALID_COORDINATES:\n            exception_class = InvalidCoordinatesException\n        elif status in ErrorCode.INVALID_SESSION_ID:\n            exception_class = InvalidSessionIdException\n        elif status in ErrorCode.UNKNOWN_METHOD:\n            exception_class = UnknownMethodException\n        else:\n            exception_class = WebDriverException\n        if not value:\n            value = response['value']\n        if isinstance(value, str):\n            raise exception_class(value)\n        if message == \"\" and 'message' in value:\n            message = value['message']\n    \n        screen = None  # type: ignore[assignment]\n        if 'screen' in value:\n            screen = value['screen']\n    \n        stacktrace = None\n        st_value = value.get('stackTrace') or value.get('stacktrace')\n        if st_value:\n            if isinstance(st_value, str):\n                stacktrace = st_value.split('\\n')\n            else:\n                stacktrace = []\n                try:\n                    for frame in st_value:\n                        line = self._value_or_default(frame, 'lineNumber', '')\n                        file = self._value_or_default(frame, 'fileName', '<anonymous>')\n                        if line:\n                            file = \"%s:%s\" % (file, line)\n                        meth = self._value_or_default(frame, 'methodName', '<anonymous>')\n                        if 'className' in frame:\n                            meth = \"%s.%s\" % (frame['className'], meth)\n                        msg = \"    at %s (%s)\"\n                        msg = msg % (meth, file)\n                        stacktrace.append(msg)\n                except TypeError:\n                    pass\n        if exception_class == UnexpectedAlertPresentException:\n            alert_text = None\n            if 'data' in value:\n                alert_text = value['data'].get('text')\n            elif 'alert' in value:\n                alert_text = value['alert'].get('text')\n            raise exception_class(message, screen, stacktrace, alert_text)  # type: ignore[call-arg]  # mypy is not smart enough here\n>       raise exception_class(message, screen, stacktrace)\nE       selenium.common.exceptions.InvalidSelectorException: Message: invalid selector: Unable to locate an element with the xpath expression \thttps://pc.6noblexc.com/img/photo_woman.ed916e5f.png because of the following error:\nE       SyntaxError: Failed to execute 'evaluate' on 'Document': The string '\thttps://pc.6noblexc.com/img/photo_woman.ed916e5f.png' is not a valid XPath expression.\nE         (Session info: chrome=102.0.5005.115)\nE       Stacktrace:\nE       Backtrace:\nE       \tOrdinal0 [0x0093D953+2414931]\nE       \tOrdinal0 [0x008CF5E1+1963489]\nE       \tOrdinal0 [0x007BC6B8+837304]\nE       \tOrdinal0 [0x007BF0B4+848052]\nE       \tOrdinal0 [0x007BEF72+847730]\nE       \tOrdinal0 [0x007BF200+848384]\nE       \tOrdinal0 [0x007E9215+1020437]\nE       \tOrdinal0 [0x007E979B+1021851]\nE       \tOrdinal0 [0x00816502+1205506]\nE       \tOrdinal0 [0x008044E4+1131748]\nE       \tOrdinal0 [0x00814812+1198098]\nE       \tOrdinal0 [0x008042B6+1131190]\nE       \tOrdinal0 [0x007DE860+976992]\nE       \tOrdinal0 [0x007DF756+980822]\nE       \tGetHandleVerifier [0x00BACC62+2510274]\nE       \tGetHandleVerifier [0x00B9F760+2455744]\nE       \tGetHandleVerifier [0x009CEABA+551962]\nE       \tGetHandleVerifier [0x009CD916+547446]\nE       \tOrdinal0 [0x008D5F3B+1990459]\nE       \tOrdinal0 [0x008DA898+2009240]\nE       \tOrdinal0 [0x008DA985+2009477]\nE       \tOrdinal0 [0x008E3AD1+2046673]\nE       \tBaseThreadInitThunk [0x7698FA29+25]\nE       \tRtlGetAppContainerNamedObjectPath [0x77857A7E+286]\nE       \tRtlGetAppContainerNamedObjectPath [0x77857A4E+238]\n\nC:\\Users\\jay52\\AppData\\Local\\Programs\\Python\\Python38\\lib\\site-packages\\selenium\\webdriver\\remote\\errorhandler.py:247: InvalidSelectorException"}, "start": 1656307477363, "stop": 1656307479403, "uuid": "703be562-7f9b-4bfe-8a64-698c9cfe8949", "historyId": "d548b6b198a94f5edf0e10ff6d7430eb", "testCaseId": "edfb32ca9bd38cc2bcbb1e96e6ffe071", "fullName": "6noble#test_04", "labels": [{"name": "suite", "value": "6noble"}, {"name": "host", "value": "DESKTOP-FA1JTDA"}, {"name": "thread", "value": "20408-MainThread"}, {"name": "framework", "value": "pytest"}, {"name": "language", "value": "cpython3"}, {"name": "package", "value": "6noble"}]}