{"name": "因子管理", "status": "broken", "statusDetails": {"message": "selenium.common.exceptions.NoSuchElementException: Message: no such element: Unable to locate element: {\"method\":\"xpath\",\"selector\":\"//*[@id=\"root\"]/div/section/section/main/div/div[2]/div[4]/div/form/div[1]/div/div[2]/div/div/div/div/div/div[2]/table/tbody/tr[2]/td[4]/div/div/div/div/div[2]/div/div[2]/div/div\"}\n  (Session info: chrome=104.0.5112.81)\nStacktrace:\nBacktrace:\n\tOrdinal0 [0x00BB78B3+2193587]\n\tOrdinal0 [0x00B50681+1771137]\n\tOrdinal0 [0x00A641A8+803240]\n\tOrdinal0 [0x00A924A0+992416]\n\tOrdinal0 [0x00A9273B+993083]\n\tOrdinal0 [0x00ABF7C2+1177538]\n\tOrdinal0 [0x00AAD7F4+1103860]\n\tOrdinal0 [0x00ABDAE2+1170146]\n\tOrdinal0 [0x00AAD5C6+1103302]\n\tOrdinal0 [0x00A877E0+948192]\n\tOrdinal0 [0x00A886E6+952038]\n\tGetHandleVerifier [0x00E60CB2+2738370]\n\tGetHandleVerifier [0x00E521B8+2678216]\n\tGetHandleVerifier [0x00C417AA+512954]\n\tGetHandleVerifier [0x00C40856+509030]\n\tOrdinal0 [0x00B5743B+1799227]\n\tOrdinal0 [0x00B5BB68+1817448]\n\tOrdinal0 [0x00B5BC55+1817685]\n\tOrdinal0 [0x00B65230+1856048]\n\tBaseThreadInitThunk [0x761D6739+25]\n\tRtlGetFullPathName_UEx [0x77CE90AF+1215]\n\tRtlGetFullPathName_UEx [0x77CE907D+1165]", "trace": "Login = (<KeyWords.keyword_web.WebKeys object at 0x000001E46D533040>, <Logger logger (DEBUG)>)\nevaluation = {'check_box': 'td[class=\"ant-table-cell ant-table-selection-column\"]', 'expected_result': '/html/body/div[1]/div/secti...999)}', 'new_factor': '//*[@id=\"root\"]/div/section/section/main/div/section/main/div[2]/div[1]/div[2]/div/button', ...}\n\n    @pytest.mark.parametrize('evaluation',load_yaml('./data/Measurement_management.yaml'))\n    @allure.epic('测评管理')\n    @allure.severity('normal')\n    @allure.story('因子管理')\n    def test_05(Login,evaluation):\n        wk, log = Login\n        allure.dynamic.title(evaluation['title'])\n        with allure.step('点击进入测评管理'):\n            wk.click('xpath','//span[text()=\"测评管理\"]')\n        with allure.step('点击进入因子管理'):\n            wk.click('xpath','//a[text()=\"因子管理\"]')\n        with allure.step('点击进入新增因子'):\n            wk.click('xpath',evaluation['new_factor'])\n        with allure.step('输入因子名称'):\n            factor_name='测试因子No.'+str(get_random(1,999))\n            wk.input('id','advanced_search_name',factor_name)\n        with allure.step('保存并下一步'):\n            wk.scroll_foot()\n            wk.click('xpath','//span[text()=\"保存并下一步\"]')\n        with allure.step('选择题目模块'):\n            wk.click('xpath','//span[text()=\"选择题目\"]')\n            wk.wait(1)\n            #checkbox,选择题目\n            checkboxes = wk.locators('css selector', evaluation['check_box'])\n            for checkbox in checkboxes:\n                wk.wait(0.5)\n                checkbox.click()\n            #提交选择的题目\n            wk.click('xpath','//span[text()=\"提 交\"]')\n            wk.wait(2)\n            #等待页面加载完成，点击保存并下一步\n            wk.click('xpath','//span[text()=\" 保存并下一步\"]')\n        with allure.step('因子得分模块'):\n            #点击因子得分\n            wk.click('id','advanced_search_rulesId')\n            #选择计分方式\n            wk.click('xpath','//div[text()=\"求平均值\"]')\n            wk.click('xpath',evaluation['next'])\n        with allure.step('结果解释模块'):\n            #点击添加选项按钮\n            wk.click('xpath','//span[text()=\"添加选项\"]')\n            wk.wait(2)\n            #填入最小值\n            wk.input('id','tableForm_0_minScore',1)\n            #填入最大值\n            wk.input('id', 'tableForm_0_maxScore', 10)\n            #填写结果\n            wk.input('id','tableForm_0_result','非常好')\n            #填写结果解释\n>           wk.input('xpath',evaluation['result'],evaluation['txt'])\n\noms.py:179: \n_ _ _ _ _ _ _ _ _ _ _ _ _ _ _ _ _ _ _ _ _ _ _ _ _ _ _ _ _ _ _ _ _ _ _ _ _ _ _ _\nKeyWords\\keyword_web.py:78: in input\n    self.locator(name, value).send_keys(txt)\nKeyWords\\keyword_web.py:62: in locator\n    return self.driver.find_element(name, value)\n..\\..\\AppData\\Local\\Programs\\Python\\Python38\\lib\\site-packages\\selenium\\webdriver\\remote\\webdriver.py:1251: in find_element\n    return self.execute(Command.FIND_ELEMENT, {\n..\\..\\AppData\\Local\\Programs\\Python\\Python38\\lib\\site-packages\\selenium\\webdriver\\remote\\webdriver.py:430: in execute\n    self.error_handler.check_response(response)\n_ _ _ _ _ _ _ _ _ _ _ _ _ _ _ _ _ _ _ _ _ _ _ _ _ _ _ _ _ _ _ _ _ _ _ _ _ _ _ _\n\nself = <selenium.webdriver.remote.errorhandler.ErrorHandler object at 0x000001E46D533130>\nresponse = {'status': 404, 'value': '{\"value\":{\"error\":\"no such element\",\"message\":\"no such element: Unable to locate element: {\\...unk [0x761D6739+25]\\\\n\\\\tRtlGetFullPathName_UEx [0x77CE90AF+1215]\\\\n\\\\tRtlGetFullPathName_UEx [0x77CE907D+1165]\\\\n\"}}'}\n\n    def check_response(self, response: Dict[str, Any]) -> None:\n        \"\"\"\n        Checks that a JSON response from the WebDriver does not have an error.\n    \n        :Args:\n         - response - The JSON response from the WebDriver server as a dictionary\n           object.\n    \n        :Raises: If the response contains an error message.\n        \"\"\"\n        status = response.get('status', None)\n        if not status or status == ErrorCode.SUCCESS:\n            return\n        value = None\n        message = response.get(\"message\", \"\")\n        screen: str = response.get(\"screen\", \"\")\n        stacktrace = None\n        if isinstance(status, int):\n            value_json = response.get('value', None)\n            if value_json and isinstance(value_json, str):\n                import json\n                try:\n                    value = json.loads(value_json)\n                    if len(value.keys()) == 1:\n                        value = value['value']\n                    status = value.get('error', None)\n                    if not status:\n                        status = value.get(\"status\", ErrorCode.UNKNOWN_ERROR)\n                        message = value.get(\"value\") or value.get(\"message\")\n                        if not isinstance(message, str):\n                            value = message\n                            message = message.get('message')\n                    else:\n                        message = value.get('message', None)\n                except ValueError:\n                    pass\n    \n        exception_class: Type[WebDriverException]\n        if status in ErrorCode.NO_SUCH_ELEMENT:\n            exception_class = NoSuchElementException\n        elif status in ErrorCode.NO_SUCH_FRAME:\n            exception_class = NoSuchFrameException\n        elif status in ErrorCode.NO_SUCH_SHADOW_ROOT:\n            exception_class = NoSuchShadowRootException\n        elif status in ErrorCode.NO_SUCH_WINDOW:\n            exception_class = NoSuchWindowException\n        elif status in ErrorCode.STALE_ELEMENT_REFERENCE:\n            exception_class = StaleElementReferenceException\n        elif status in ErrorCode.ELEMENT_NOT_VISIBLE:\n            exception_class = ElementNotVisibleException\n        elif status in ErrorCode.INVALID_ELEMENT_STATE:\n            exception_class = InvalidElementStateException\n        elif status in ErrorCode.INVALID_SELECTOR \\\n                or status in ErrorCode.INVALID_XPATH_SELECTOR \\\n                or status in ErrorCode.INVALID_XPATH_SELECTOR_RETURN_TYPER:\n            exception_class = InvalidSelectorException\n        elif status in ErrorCode.ELEMENT_IS_NOT_SELECTABLE:\n            exception_class = ElementNotSelectableException\n        elif status in ErrorCode.ELEMENT_NOT_INTERACTABLE:\n            exception_class = ElementNotInteractableException\n        elif status in ErrorCode.INVALID_COOKIE_DOMAIN:\n            exception_class = InvalidCookieDomainException\n        elif status in ErrorCode.UNABLE_TO_SET_COOKIE:\n            exception_class = UnableToSetCookieException\n        elif status in ErrorCode.TIMEOUT:\n            exception_class = TimeoutException\n        elif status in ErrorCode.SCRIPT_TIMEOUT:\n            exception_class = TimeoutException\n        elif status in ErrorCode.UNKNOWN_ERROR:\n            exception_class = WebDriverException\n        elif status in ErrorCode.UNEXPECTED_ALERT_OPEN:\n            exception_class = UnexpectedAlertPresentException\n        elif status in ErrorCode.NO_ALERT_OPEN:\n            exception_class = NoAlertPresentException\n        elif status in ErrorCode.IME_NOT_AVAILABLE:\n            exception_class = ImeNotAvailableException\n        elif status in ErrorCode.IME_ENGINE_ACTIVATION_FAILED:\n            exception_class = ImeActivationFailedException\n        elif status in ErrorCode.MOVE_TARGET_OUT_OF_BOUNDS:\n            exception_class = MoveTargetOutOfBoundsException\n        elif status in ErrorCode.JAVASCRIPT_ERROR:\n            exception_class = JavascriptException\n        elif status in ErrorCode.SESSION_NOT_CREATED:\n            exception_class = SessionNotCreatedException\n        elif status in ErrorCode.INVALID_ARGUMENT:\n            exception_class = InvalidArgumentException\n        elif status in ErrorCode.NO_SUCH_COOKIE:\n            exception_class = NoSuchCookieException\n        elif status in ErrorCode.UNABLE_TO_CAPTURE_SCREEN:\n            exception_class = ScreenshotException\n        elif status in ErrorCode.ELEMENT_CLICK_INTERCEPTED:\n            exception_class = ElementClickInterceptedException\n        elif status in ErrorCode.INSECURE_CERTIFICATE:\n            exception_class = InsecureCertificateException\n        elif status in ErrorCode.INVALID_COORDINATES:\n            exception_class = InvalidCoordinatesException\n        elif status in ErrorCode.INVALID_SESSION_ID:\n            exception_class = InvalidSessionIdException\n        elif status in ErrorCode.UNKNOWN_METHOD:\n            exception_class = UnknownMethodException\n        else:\n            exception_class = WebDriverException\n        if not value:\n            value = response['value']\n        if isinstance(value, str):\n            raise exception_class(value)\n        if message == \"\" and 'message' in value:\n            message = value['message']\n    \n        screen = None  # type: ignore[assignment]\n        if 'screen' in value:\n            screen = value['screen']\n    \n        stacktrace = None\n        st_value = value.get('stackTrace') or value.get('stacktrace')\n        if st_value:\n            if isinstance(st_value, str):\n                stacktrace = st_value.split('\\n')\n            else:\n                stacktrace = []\n                try:\n                    for frame in st_value:\n                        line = self._value_or_default(frame, 'lineNumber', '')\n                        file = self._value_or_default(frame, 'fileName', '<anonymous>')\n                        if line:\n                            file = \"%s:%s\" % (file, line)\n                        meth = self._value_or_default(frame, 'methodName', '<anonymous>')\n                        if 'className' in frame:\n                            meth = \"%s.%s\" % (frame['className'], meth)\n                        msg = \"    at %s (%s)\"\n                        msg = msg % (meth, file)\n                        stacktrace.append(msg)\n                except TypeError:\n                    pass\n        if exception_class == UnexpectedAlertPresentException:\n            alert_text = None\n            if 'data' in value:\n                alert_text = value['data'].get('text')\n            elif 'alert' in value:\n                alert_text = value['alert'].get('text')\n            raise exception_class(message, screen, stacktrace, alert_text)  # type: ignore[call-arg]  # mypy is not smart enough here\n>       raise exception_class(message, screen, stacktrace)\nE       selenium.common.exceptions.NoSuchElementException: Message: no such element: Unable to locate element: {\"method\":\"xpath\",\"selector\":\"//*[@id=\"root\"]/div/section/section/main/div/div[2]/div[4]/div/form/div[1]/div/div[2]/div/div/div/div/div/div[2]/table/tbody/tr[2]/td[4]/div/div/div/div/div[2]/div/div[2]/div/div\"}\nE         (Session info: chrome=104.0.5112.81)\nE       Stacktrace:\nE       Backtrace:\nE       \tOrdinal0 [0x00BB78B3+2193587]\nE       \tOrdinal0 [0x00B50681+1771137]\nE       \tOrdinal0 [0x00A641A8+803240]\nE       \tOrdinal0 [0x00A924A0+992416]\nE       \tOrdinal0 [0x00A9273B+993083]\nE       \tOrdinal0 [0x00ABF7C2+1177538]\nE       \tOrdinal0 [0x00AAD7F4+1103860]\nE       \tOrdinal0 [0x00ABDAE2+1170146]\nE       \tOrdinal0 [0x00AAD5C6+1103302]\nE       \tOrdinal0 [0x00A877E0+948192]\nE       \tOrdinal0 [0x00A886E6+952038]\nE       \tGetHandleVerifier [0x00E60CB2+2738370]\nE       \tGetHandleVerifier [0x00E521B8+2678216]\nE       \tGetHandleVerifier [0x00C417AA+512954]\nE       \tGetHandleVerifier [0x00C40856+509030]\nE       \tOrdinal0 [0x00B5743B+1799227]\nE       \tOrdinal0 [0x00B5BB68+1817448]\nE       \tOrdinal0 [0x00B5BC55+1817685]\nE       \tOrdinal0 [0x00B65230+1856048]\nE       \tBaseThreadInitThunk [0x761D6739+25]\nE       \tRtlGetFullPathName_UEx [0x77CE90AF+1215]\nE       \tRtlGetFullPathName_UEx [0x77CE907D+1165]\n\n..\\..\\AppData\\Local\\Programs\\Python\\Python38\\lib\\site-packages\\selenium\\webdriver\\remote\\errorhandler.py:247: NoSuchElementException"}, "steps": [{"name": "点击进入测评管理", "status": "passed", "start": 1660801992604, "stop": 1660801992698}, {"name": "点击进入因子管理", "status": "passed", "start": 1660801992698, "stop": 1660801992897}, {"name": "点击进入新增因子", "status": "passed", "start": 1660801992897, "stop": 1660801993353}, {"name": "输入因子名称", "status": "passed", "start": 1660801993353, "stop": 1660801993594}, {"name": "保存并下一步", "status": "passed", "start": 1660801993594, "stop": 1660801993735}, {"name": "选择题目模块", "status": "passed", "start": 1660801993735, "stop": 1660802002945}, {"name": "因子得分模块", "status": "passed", "start": 1660802002945, "stop": 1660802003198}, {"name": "结果解释模块", "status": "broken", "statusDetails": {"message": "selenium.common.exceptions.NoSuchElementException: Message: no such element: Unable to locate element: {\"method\":\"xpath\",\"selector\":\"//*[@id=\"root\"]/div/section/section/main/div/div[2]/div[4]/div/form/div[1]/div/div[2]/div/div/div/div/div/div[2]/table/tbody/tr[2]/td[4]/div/div/div/div/div[2]/div/div[2]/div/div\"}\n  (Session info: chrome=104.0.5112.81)\nStacktrace:\nBacktrace:\n\tOrdinal0 [0x00BB78B3+2193587]\n\tOrdinal0 [0x00B50681+1771137]\n\tOrdinal0 [0x00A641A8+803240]\n\tOrdinal0 [0x00A924A0+992416]\n\tOrdinal0 [0x00A9273B+993083]\n\tOrdinal0 [0x00ABF7C2+1177538]\n\tOrdinal0 [0x00AAD7F4+1103860]\n\tOrdinal0 [0x00ABDAE2+1170146]\n\tOrdinal0 [0x00AAD5C6+1103302]\n\tOrdinal0 [0x00A877E0+948192]\n\tOrdinal0 [0x00A886E6+952038]\n\tGetHandleVerifier [0x00E60CB2+2738370]\n\tGetHandleVerifier [0x00E521B8+2678216]\n\tGetHandleVerifier [0x00C417AA+512954]\n\tGetHandleVerifier [0x00C40856+509030]\n\tOrdinal0 [0x00B5743B+1799227]\n\tOrdinal0 [0x00B5BB68+1817448]\n\tOrdinal0 [0x00B5BC55+1817685]\n\tOrdinal0 [0x00B65230+1856048]\n\tBaseThreadInitThunk [0x761D6739+25]\n\tRtlGetFullPathName_UEx [0x77CE90AF+1215]\n\tRtlGetFullPathName_UEx [0x77CE907D+1165]\n\n", "trace": "  File \"C:\\Users\\jay52\\PycharmProjects\\6noble\\oms.py\", line 179, in test_05\n    wk.input('xpath',evaluation['result'],evaluation['txt'])\n  File \"C:\\Users\\jay52\\PycharmProjects\\6noble\\KeyWords\\keyword_web.py\", line 78, in input\n    self.locator(name, value).send_keys(txt)\n  File \"C:\\Users\\jay52\\PycharmProjects\\6noble\\KeyWords\\keyword_web.py\", line 62, in locator\n    return self.driver.find_element(name, value)\n  File \"C:\\Users\\jay52\\AppData\\Local\\Programs\\Python\\Python38\\lib\\site-packages\\selenium\\webdriver\\remote\\webdriver.py\", line 1251, in find_element\n    return self.execute(Command.FIND_ELEMENT, {\n  File \"C:\\Users\\jay52\\AppData\\Local\\Programs\\Python\\Python38\\lib\\site-packages\\selenium\\webdriver\\remote\\webdriver.py\", line 430, in execute\n    self.error_handler.check_response(response)\n  File \"C:\\Users\\jay52\\AppData\\Local\\Programs\\Python\\Python38\\lib\\site-packages\\selenium\\webdriver\\remote\\errorhandler.py\", line 247, in check_response\n    raise exception_class(message, screen, stacktrace)\n"}, "start": 1660802003198, "stop": 1660802016077}, {"name": "添加失败截图:", "status": "passed", "attachments": [{"name": "失败截图", "source": "ee54a186-9490-4953-a50c-c91d831901bc-attachment.png", "type": "image/png"}], "start": 1660802016286, "stop": 1660802016425}], "parameters": [{"name": "evaluation", "value": "{'new_factor': '//*[@id=\"root\"]/div/section/section/main/div/section/main/div[2]/div[1]/div[2]/div/button', 'factor_name': '因子测试No.${random.int(9999)}', 'check_box': 'td[class=\"ant-table-cell ant-table-selection-column\"]', 'next': '/html/body/div[1]/div/section/section/main/div/div[2]/div[3]/div/form/div[2]/div/div/div/button[2]/span', 'result': '//*[@id=\"root\"]/div/section/section/main/div/div[2]/div[4]/div/form/div[1]/div/div[2]/div/div/div/div/div/div[2]/table/tbody/tr[2]/td[4]/div/div/div/div/div[2]/div/div[2]/div/div', 'txt': '这是结果描述，测试使用', 'expected_result': '/html/body/div[1]/div/section/section/main/div/section/main/div[2]/div[2]/div/div/div/div/div/div[2]/table/tbody/tr[2]/td[3]/span', 'title': '因子管理'}"}], "start": 1660801992603, "stop": 1660802016092, "uuid": "21ae0bc6-566d-47af-bed6-24bd0cfc7a08", "historyId": "d295e3322138c3c2963e6a675ae3e149", "testCaseId": "a4e31c65b8ba7206355dfa413b4cf890", "fullName": "oms#test_05", "labels": [{"name": "severity", "value": "normal"}, {"name": "epic", "value": "测评管理"}, {"name": "story", "value": "因子管理"}, {"name": "suite", "value": "oms"}, {"name": "host", "value": "DESKTOP-FA1JTDA"}, {"name": "thread", "value": "22752-MainThread"}, {"name": "framework", "value": "pytest"}, {"name": "language", "value": "cpython3"}, {"name": "package", "value": "oms"}]}