{"name": "开始答题", "status": "broken", "statusDetails": {"message": "selenium.common.exceptions.NoSuchElementException: Message: no such element: Unable to locate element: {\"method\":\"xpath\",\"selector\":\"//*[@id=\"app\"]/div/div[2]/div/div/div/div/div[2]/div[2]/div/span[3]\"}\n  (Session info: chrome=103.0.5060.66)\nStacktrace:\nBacktrace:\n\tOrdinal0 [0x009BD953+2414931]\n\tOrdinal0 [0x0094F5E1+1963489]\n\tOrdinal0 [0x0083C6B8+837304]\n\tOrdinal0 [0x00869500+1021184]\n\tOrdinal0 [0x0086979B+1021851]\n\tOrdinal0 [0x00896502+1205506]\n\tOrdinal0 [0x008844E4+1131748]\n\tOrdinal0 [0x00894812+1198098]\n\tOrdinal0 [0x008842B6+1131190]\n\tOrdinal0 [0x0085E860+976992]\n\tOrdinal0 [0x0085F756+980822]\n\tGetHandleVerifier [0x00C2CC62+2510274]\n\tGetHandleVerifier [0x00C1F760+2455744]\n\tGetHandleVerifier [0x00A4EABA+551962]\n\tGetHandleVerifier [0x00A4D916+547446]\n\tOrdinal0 [0x00955F3B+1990459]\n\tOrdinal0 [0x0095A898+2009240]\n\tOrdinal0 [0x0095A985+2009477]\n\tOrdinal0 [0x00963AD1+2046673]\n\tBaseThreadInitThunk [0x7620FA29+25]\n\tRtlGetAppContainerNamedObjectPath [0x77BB7A7E+286]\n\tRtlGetAppContainerNamedObjectPath [0x77BB7A4E+238]", "trace": "Login = (<KeyWords.keyword_web.WebKeys object at 0x000002374153B4C0>, <Logger logger (DEBUG)>)\n\n    @allure.title('开始答题')\n    def test_03(Login):\n        wk,log=Login\n        log.info('开始答题')\n        wk.wait(3)\n        with allure.step('1.系统获取到当前答题数/总答题数'):\n>           max_num = int(wk.get_text(status_num_total))\n\n6noble.py:83: \n_ _ _ _ _ _ _ _ _ _ _ _ _ _ _ _ _ _ _ _ _ _ _ _ _ _ _ _ _ _ _ _ _ _ _ _ _ _ _ _\n..\\KeyWords\\keyword_web.py:68: in get_text\n    return self.locator(\"xpath\", path).text\n..\\KeyWords\\keyword_web.py:44: in locator\n    return self.driver.find_element(name, value)\nC:\\Users\\jay52\\AppData\\Local\\Programs\\Python\\Python38\\lib\\site-packages\\selenium\\webdriver\\remote\\webdriver.py:1251: in find_element\n    return self.execute(Command.FIND_ELEMENT, {\nC:\\Users\\jay52\\AppData\\Local\\Programs\\Python\\Python38\\lib\\site-packages\\selenium\\webdriver\\remote\\webdriver.py:430: in execute\n    self.error_handler.check_response(response)\n_ _ _ _ _ _ _ _ _ _ _ _ _ _ _ _ _ _ _ _ _ _ _ _ _ _ _ _ _ _ _ _ _ _ _ _ _ _ _ _\n\nself = <selenium.webdriver.remote.errorhandler.ErrorHandler object at 0x000002374153B580>\nresponse = {'status': 404, 'value': '{\"value\":{\"error\":\"no such element\",\"message\":\"no such element: Unable to locate element: {\\...\\n\\\\tRtlGetAppContainerNamedObjectPath [0x77BB7A7E+286]\\\\n\\\\tRtlGetAppContainerNamedObjectPath [0x77BB7A4E+238]\\\\n\"}}'}\n\n    def check_response(self, response: Dict[str, Any]) -> None:\n        \"\"\"\n        Checks that a JSON response from the WebDriver does not have an error.\n    \n        :Args:\n         - response - The JSON response from the WebDriver server as a dictionary\n           object.\n    \n        :Raises: If the response contains an error message.\n        \"\"\"\n        status = response.get('status', None)\n        if not status or status == ErrorCode.SUCCESS:\n            return\n        value = None\n        message = response.get(\"message\", \"\")\n        screen: str = response.get(\"screen\", \"\")\n        stacktrace = None\n        if isinstance(status, int):\n            value_json = response.get('value', None)\n            if value_json and isinstance(value_json, str):\n                import json\n                try:\n                    value = json.loads(value_json)\n                    if len(value.keys()) == 1:\n                        value = value['value']\n                    status = value.get('error', None)\n                    if not status:\n                        status = value.get(\"status\", ErrorCode.UNKNOWN_ERROR)\n                        message = value.get(\"value\") or value.get(\"message\")\n                        if not isinstance(message, str):\n                            value = message\n                            message = message.get('message')\n                    else:\n                        message = value.get('message', None)\n                except ValueError:\n                    pass\n    \n        exception_class: Type[WebDriverException]\n        if status in ErrorCode.NO_SUCH_ELEMENT:\n            exception_class = NoSuchElementException\n        elif status in ErrorCode.NO_SUCH_FRAME:\n            exception_class = NoSuchFrameException\n        elif status in ErrorCode.NO_SUCH_SHADOW_ROOT:\n            exception_class = NoSuchShadowRootException\n        elif status in ErrorCode.NO_SUCH_WINDOW:\n            exception_class = NoSuchWindowException\n        elif status in ErrorCode.STALE_ELEMENT_REFERENCE:\n            exception_class = StaleElementReferenceException\n        elif status in ErrorCode.ELEMENT_NOT_VISIBLE:\n            exception_class = ElementNotVisibleException\n        elif status in ErrorCode.INVALID_ELEMENT_STATE:\n            exception_class = InvalidElementStateException\n        elif status in ErrorCode.INVALID_SELECTOR \\\n                or status in ErrorCode.INVALID_XPATH_SELECTOR \\\n                or status in ErrorCode.INVALID_XPATH_SELECTOR_RETURN_TYPER:\n            exception_class = InvalidSelectorException\n        elif status in ErrorCode.ELEMENT_IS_NOT_SELECTABLE:\n            exception_class = ElementNotSelectableException\n        elif status in ErrorCode.ELEMENT_NOT_INTERACTABLE:\n            exception_class = ElementNotInteractableException\n        elif status in ErrorCode.INVALID_COOKIE_DOMAIN:\n            exception_class = InvalidCookieDomainException\n        elif status in ErrorCode.UNABLE_TO_SET_COOKIE:\n            exception_class = UnableToSetCookieException\n        elif status in ErrorCode.TIMEOUT:\n            exception_class = TimeoutException\n        elif status in ErrorCode.SCRIPT_TIMEOUT:\n            exception_class = TimeoutException\n        elif status in ErrorCode.UNKNOWN_ERROR:\n            exception_class = WebDriverException\n        elif status in ErrorCode.UNEXPECTED_ALERT_OPEN:\n            exception_class = UnexpectedAlertPresentException\n        elif status in ErrorCode.NO_ALERT_OPEN:\n            exception_class = NoAlertPresentException\n        elif status in ErrorCode.IME_NOT_AVAILABLE:\n            exception_class = ImeNotAvailableException\n        elif status in ErrorCode.IME_ENGINE_ACTIVATION_FAILED:\n            exception_class = ImeActivationFailedException\n        elif status in ErrorCode.MOVE_TARGET_OUT_OF_BOUNDS:\n            exception_class = MoveTargetOutOfBoundsException\n        elif status in ErrorCode.JAVASCRIPT_ERROR:\n            exception_class = JavascriptException\n        elif status in ErrorCode.SESSION_NOT_CREATED:\n            exception_class = SessionNotCreatedException\n        elif status in ErrorCode.INVALID_ARGUMENT:\n            exception_class = InvalidArgumentException\n        elif status in ErrorCode.NO_SUCH_COOKIE:\n            exception_class = NoSuchCookieException\n        elif status in ErrorCode.UNABLE_TO_CAPTURE_SCREEN:\n            exception_class = ScreenshotException\n        elif status in ErrorCode.ELEMENT_CLICK_INTERCEPTED:\n            exception_class = ElementClickInterceptedException\n        elif status in ErrorCode.INSECURE_CERTIFICATE:\n            exception_class = InsecureCertificateException\n        elif status in ErrorCode.INVALID_COORDINATES:\n            exception_class = InvalidCoordinatesException\n        elif status in ErrorCode.INVALID_SESSION_ID:\n            exception_class = InvalidSessionIdException\n        elif status in ErrorCode.UNKNOWN_METHOD:\n            exception_class = UnknownMethodException\n        else:\n            exception_class = WebDriverException\n        if not value:\n            value = response['value']\n        if isinstance(value, str):\n            raise exception_class(value)\n        if message == \"\" and 'message' in value:\n            message = value['message']\n    \n        screen = None  # type: ignore[assignment]\n        if 'screen' in value:\n            screen = value['screen']\n    \n        stacktrace = None\n        st_value = value.get('stackTrace') or value.get('stacktrace')\n        if st_value:\n            if isinstance(st_value, str):\n                stacktrace = st_value.split('\\n')\n            else:\n                stacktrace = []\n                try:\n                    for frame in st_value:\n                        line = self._value_or_default(frame, 'lineNumber', '')\n                        file = self._value_or_default(frame, 'fileName', '<anonymous>')\n                        if line:\n                            file = \"%s:%s\" % (file, line)\n                        meth = self._value_or_default(frame, 'methodName', '<anonymous>')\n                        if 'className' in frame:\n                            meth = \"%s.%s\" % (frame['className'], meth)\n                        msg = \"    at %s (%s)\"\n                        msg = msg % (meth, file)\n                        stacktrace.append(msg)\n                except TypeError:\n                    pass\n        if exception_class == UnexpectedAlertPresentException:\n            alert_text = None\n            if 'data' in value:\n                alert_text = value['data'].get('text')\n            elif 'alert' in value:\n                alert_text = value['alert'].get('text')\n            raise exception_class(message, screen, stacktrace, alert_text)  # type: ignore[call-arg]  # mypy is not smart enough here\n>       raise exception_class(message, screen, stacktrace)\nE       selenium.common.exceptions.NoSuchElementException: Message: no such element: Unable to locate element: {\"method\":\"xpath\",\"selector\":\"//*[@id=\"app\"]/div/div[2]/div/div/div/div/div[2]/div[2]/div/span[3]\"}\nE         (Session info: chrome=103.0.5060.66)\nE       Stacktrace:\nE       Backtrace:\nE       \tOrdinal0 [0x009BD953+2414931]\nE       \tOrdinal0 [0x0094F5E1+1963489]\nE       \tOrdinal0 [0x0083C6B8+837304]\nE       \tOrdinal0 [0x00869500+1021184]\nE       \tOrdinal0 [0x0086979B+1021851]\nE       \tOrdinal0 [0x00896502+1205506]\nE       \tOrdinal0 [0x008844E4+1131748]\nE       \tOrdinal0 [0x00894812+1198098]\nE       \tOrdinal0 [0x008842B6+1131190]\nE       \tOrdinal0 [0x0085E860+976992]\nE       \tOrdinal0 [0x0085F756+980822]\nE       \tGetHandleVerifier [0x00C2CC62+2510274]\nE       \tGetHandleVerifier [0x00C1F760+2455744]\nE       \tGetHandleVerifier [0x00A4EABA+551962]\nE       \tGetHandleVerifier [0x00A4D916+547446]\nE       \tOrdinal0 [0x00955F3B+1990459]\nE       \tOrdinal0 [0x0095A898+2009240]\nE       \tOrdinal0 [0x0095A985+2009477]\nE       \tOrdinal0 [0x00963AD1+2046673]\nE       \tBaseThreadInitThunk [0x7620FA29+25]\nE       \tRtlGetAppContainerNamedObjectPath [0x77BB7A7E+286]\nE       \tRtlGetAppContainerNamedObjectPath [0x77BB7A4E+238]\n\nC:\\Users\\jay52\\AppData\\Local\\Programs\\Python\\Python38\\lib\\site-packages\\selenium\\webdriver\\remote\\errorhandler.py:247: NoSuchElementException"}, "steps": [{"name": "1.系统获取到当前答题数/总答题数", "status": "broken", "statusDetails": {"message": "selenium.common.exceptions.NoSuchElementException: Message: no such element: Unable to locate element: {\"method\":\"xpath\",\"selector\":\"//*[@id=\"app\"]/div/div[2]/div/div/div/div/div[2]/div[2]/div/span[3]\"}\n  (Session info: chrome=103.0.5060.66)\nStacktrace:\nBacktrace:\n\tOrdinal0 [0x009BD953+2414931]\n\tOrdinal0 [0x0094F5E1+1963489]\n\tOrdinal0 [0x0083C6B8+837304]\n\tOrdinal0 [0x00869500+1021184]\n\tOrdinal0 [0x0086979B+1021851]\n\tOrdinal0 [0x00896502+1205506]\n\tOrdinal0 [0x008844E4+1131748]\n\tOrdinal0 [0x00894812+1198098]\n\tOrdinal0 [0x008842B6+1131190]\n\tOrdinal0 [0x0085E860+976992]\n\tOrdinal0 [0x0085F756+980822]\n\tGetHandleVerifier [0x00C2CC62+2510274]\n\tGetHandleVerifier [0x00C1F760+2455744]\n\tGetHandleVerifier [0x00A4EABA+551962]\n\tGetHandleVerifier [0x00A4D916+547446]\n\tOrdinal0 [0x00955F3B+1990459]\n\tOrdinal0 [0x0095A898+2009240]\n\tOrdinal0 [0x0095A985+2009477]\n\tOrdinal0 [0x00963AD1+2046673]\n\tBaseThreadInitThunk [0x7620FA29+25]\n\tRtlGetAppContainerNamedObjectPath [0x77BB7A7E+286]\n\tRtlGetAppContainerNamedObjectPath [0x77BB7A4E+238]\n\n", "trace": "  File \"D:\\work\\pythonProject(1)(1)\\pythonProject\\case\\6noble.py\", line 83, in test_03\n    max_num = int(wk.get_text(status_num_total))\n  File \"D:\\work\\pythonProject(1)(1)\\pythonProject\\KeyWords\\keyword_web.py\", line 68, in get_text\n    return self.locator(\"xpath\", path).text\n  File \"D:\\work\\pythonProject(1)(1)\\pythonProject\\KeyWords\\keyword_web.py\", line 44, in locator\n    return self.driver.find_element(name, value)\n  File \"C:\\Users\\jay52\\AppData\\Local\\Programs\\Python\\Python38\\lib\\site-packages\\selenium\\webdriver\\remote\\webdriver.py\", line 1251, in find_element\n    return self.execute(Command.FIND_ELEMENT, {\n  File \"C:\\Users\\jay52\\AppData\\Local\\Programs\\Python\\Python38\\lib\\site-packages\\selenium\\webdriver\\remote\\webdriver.py\", line 430, in execute\n    self.error_handler.check_response(response)\n  File \"C:\\Users\\jay52\\AppData\\Local\\Programs\\Python\\Python38\\lib\\site-packages\\selenium\\webdriver\\remote\\errorhandler.py\", line 247, in check_response\n    raise exception_class(message, screen, stacktrace)\n"}, "start": 1656647052154, "stop": 1656647062209}], "attachments": [{"name": "log", "source": "265e3c58-751d-4eb5-9014-135b32258820-attachment.txt", "type": "text/plain"}, {"name": "stderr", "source": "133eb2a4-96a2-4ae4-b571-30b0a2991df6-attachment.txt", "type": "text/plain"}], "start": 1656647049140, "stop": 1656647062210, "uuid": "b7a0b746-6732-4f97-a71a-222a6a1c6201", "historyId": "c071012d9583dd5853b141a1fe77a163", "testCaseId": "1347876306de161e08d9c1192de32545", "fullName": "6noble#test_03", "labels": [{"name": "suite", "value": "6noble"}, {"name": "host", "value": "DESKTOP-FA1JTDA"}, {"name": "thread", "value": "22004-MainThread"}, {"name": "framework", "value": "pytest"}, {"name": "language", "value": "cpython3"}, {"name": "package", "value": "6noble"}]}