{"name": "test_04[user0]", "status": "broken", "statusDetails": {"message": "selenium.common.exceptions.NoSuchElementException: Message: no such element: Unable to locate element: {\"method\":\"xpath\",\"selector\":\"/html/body/div[4]/div/div/div/div/div[1]/div[2]/table/tbody/tr[2]/td[3]/div\"}\n  (Session info: chrome=103.0.5060.134)\nStacktrace:\nBacktrace:\n\tOrdinal0 [0x0112D953+2414931]\n\tOrdinal0 [0x010BF5E1+1963489]\n\tOrdinal0 [0x00FAC6B8+837304]\n\tOrdinal0 [0x00FD9500+1021184]\n\tOrdinal0 [0x00FD979B+1021851]\n\tOrdinal0 [0x01006502+1205506]\n\tOrdinal0 [0x00FF44E4+1131748]\n\tOrdinal0 [0x01004812+1198098]\n\tOrdinal0 [0x00FF42B6+1131190]\n\tOrdinal0 [0x00FCE860+976992]\n\tOrdinal0 [0x00FCF756+980822]\n\tGetHandleVerifier [0x0139CC62+2510274]\n\tGetHandleVerifier [0x0138F760+2455744]\n\tGetHandleVerifier [0x011BEABA+551962]\n\tGetHandleVerifier [0x011BD916+547446]\n\tOrdinal0 [0x010C5F3B+1990459]\n\tOrdinal0 [0x010CA898+2009240]\n\tOrdinal0 [0x010CA985+2009477]\n\tOrdinal0 [0x010D3AD1+2046673]\n\tBaseThreadInitThunk [0x7598FA29+25]\n\tRtlGetAppContainerNamedObjectPath [0x77187A9E+286]\n\tRtlGetAppContainerNamedObjectPath [0x77187A6E+238]", "trace": "Login = (<KeyWords.keyword_web.WebKeys object at 0x000002300BD12CD0>, <Logger logger (DEBUG)>)\nuser = {'Organization': '//*[@id=\"advanced_search\"]/div[1]/div/div[1]/div/div[2]/div/div/div/div/div', 'add_user': '//*[@id=\".../div/section/section/main/div/section/main/div[2]/div[2]/div/div/div/div/div/div[2]/table/tbody/tr[2]/td[3]/span', ...}\n\n    @pytest.mark.parametrize('user',load_yaml('../data/user_management.yaml'))\n    @allure.epic('组织管理')\n    @allure.severity('normal')\n    @allure.story('用户管理')\n    def test_04(Login,user):\n        wk, log = Login\n        with allure.step('点击进入组织机构'):\n            wk.click('xpath','//span[text()=\"组织管理\"]')\n        with allure.step('点击进入用户管理'):\n            wk.click('xpath','//a[text()=\"用户管理\"]')\n        with allure.step('点击进入新增用户'):\n            wk.click('xpath',user['add_user'])\n        with allure.step('点击组织机构'):\n            wk.click('xpath',user['Organization'])\n            wk.click('xpath','//span[text()=\"兰州教育局测试\"]')\n            wk.click('xpath','//*[@id=\"advanced_search\"]/div[1]')\n        with allure.step('选择账号类型'):\n            wk.click('id','advanced_search_accountType')\n            wk.click('xpath','//div[text()=\"学号\"]')\n            wk.input('id','advanced_search_account',user['study_num'])\n        with allure.step('选择性别'):\n            wk.click('xpath',user['sex'])\n        with allure.step('选择生日'):\n            wk.click('id','advanced_search_birthStamp')\n>           wk.click('xpath',user['age'])\n\noms.py:165: \n_ _ _ _ _ _ _ _ _ _ _ _ _ _ _ _ _ _ _ _ _ _ _ _ _ _ _ _ _ _ _ _ _ _ _ _ _ _ _ _\n..\\KeyWords\\keyword_web.py:67: in click\n    self.locator(name, value).click()\n..\\KeyWords\\keyword_web.py:51: in locator\n    return self.driver.find_element(name, value)\n..\\..\\..\\AppData\\Local\\Programs\\Python\\Python38\\lib\\site-packages\\selenium\\webdriver\\remote\\webdriver.py:1251: in find_element\n    return self.execute(Command.FIND_ELEMENT, {\n..\\..\\..\\AppData\\Local\\Programs\\Python\\Python38\\lib\\site-packages\\selenium\\webdriver\\remote\\webdriver.py:430: in execute\n    self.error_handler.check_response(response)\n_ _ _ _ _ _ _ _ _ _ _ _ _ _ _ _ _ _ _ _ _ _ _ _ _ _ _ _ _ _ _ _ _ _ _ _ _ _ _ _\n\nself = <selenium.webdriver.remote.errorhandler.ErrorHandler object at 0x000002300BCF76D0>\nresponse = {'status': 404, 'value': '{\"value\":{\"error\":\"no such element\",\"message\":\"no such element: Unable to locate element: {\\...\\n\\\\tRtlGetAppContainerNamedObjectPath [0x77187A9E+286]\\\\n\\\\tRtlGetAppContainerNamedObjectPath [0x77187A6E+238]\\\\n\"}}'}\n\n    def check_response(self, response: Dict[str, Any]) -> None:\n        \"\"\"\n        Checks that a JSON response from the WebDriver does not have an error.\n    \n        :Args:\n         - response - The JSON response from the WebDriver server as a dictionary\n           object.\n    \n        :Raises: If the response contains an error message.\n        \"\"\"\n        status = response.get('status', None)\n        if not status or status == ErrorCode.SUCCESS:\n            return\n        value = None\n        message = response.get(\"message\", \"\")\n        screen: str = response.get(\"screen\", \"\")\n        stacktrace = None\n        if isinstance(status, int):\n            value_json = response.get('value', None)\n            if value_json and isinstance(value_json, str):\n                import json\n                try:\n                    value = json.loads(value_json)\n                    if len(value.keys()) == 1:\n                        value = value['value']\n                    status = value.get('error', None)\n                    if not status:\n                        status = value.get(\"status\", ErrorCode.UNKNOWN_ERROR)\n                        message = value.get(\"value\") or value.get(\"message\")\n                        if not isinstance(message, str):\n                            value = message\n                            message = message.get('message')\n                    else:\n                        message = value.get('message', None)\n                except ValueError:\n                    pass\n    \n        exception_class: Type[WebDriverException]\n        if status in ErrorCode.NO_SUCH_ELEMENT:\n            exception_class = NoSuchElementException\n        elif status in ErrorCode.NO_SUCH_FRAME:\n            exception_class = NoSuchFrameException\n        elif status in ErrorCode.NO_SUCH_SHADOW_ROOT:\n            exception_class = NoSuchShadowRootException\n        elif status in ErrorCode.NO_SUCH_WINDOW:\n            exception_class = NoSuchWindowException\n        elif status in ErrorCode.STALE_ELEMENT_REFERENCE:\n            exception_class = StaleElementReferenceException\n        elif status in ErrorCode.ELEMENT_NOT_VISIBLE:\n            exception_class = ElementNotVisibleException\n        elif status in ErrorCode.INVALID_ELEMENT_STATE:\n            exception_class = InvalidElementStateException\n        elif status in ErrorCode.INVALID_SELECTOR \\\n                or status in ErrorCode.INVALID_XPATH_SELECTOR \\\n                or status in ErrorCode.INVALID_XPATH_SELECTOR_RETURN_TYPER:\n            exception_class = InvalidSelectorException\n        elif status in ErrorCode.ELEMENT_IS_NOT_SELECTABLE:\n            exception_class = ElementNotSelectableException\n        elif status in ErrorCode.ELEMENT_NOT_INTERACTABLE:\n            exception_class = ElementNotInteractableException\n        elif status in ErrorCode.INVALID_COOKIE_DOMAIN:\n            exception_class = InvalidCookieDomainException\n        elif status in ErrorCode.UNABLE_TO_SET_COOKIE:\n            exception_class = UnableToSetCookieException\n        elif status in ErrorCode.TIMEOUT:\n            exception_class = TimeoutException\n        elif status in ErrorCode.SCRIPT_TIMEOUT:\n            exception_class = TimeoutException\n        elif status in ErrorCode.UNKNOWN_ERROR:\n            exception_class = WebDriverException\n        elif status in ErrorCode.UNEXPECTED_ALERT_OPEN:\n            exception_class = UnexpectedAlertPresentException\n        elif status in ErrorCode.NO_ALERT_OPEN:\n            exception_class = NoAlertPresentException\n        elif status in ErrorCode.IME_NOT_AVAILABLE:\n            exception_class = ImeNotAvailableException\n        elif status in ErrorCode.IME_ENGINE_ACTIVATION_FAILED:\n            exception_class = ImeActivationFailedException\n        elif status in ErrorCode.MOVE_TARGET_OUT_OF_BOUNDS:\n            exception_class = MoveTargetOutOfBoundsException\n        elif status in ErrorCode.JAVASCRIPT_ERROR:\n            exception_class = JavascriptException\n        elif status in ErrorCode.SESSION_NOT_CREATED:\n            exception_class = SessionNotCreatedException\n        elif status in ErrorCode.INVALID_ARGUMENT:\n            exception_class = InvalidArgumentException\n        elif status in ErrorCode.NO_SUCH_COOKIE:\n            exception_class = NoSuchCookieException\n        elif status in ErrorCode.UNABLE_TO_CAPTURE_SCREEN:\n            exception_class = ScreenshotException\n        elif status in ErrorCode.ELEMENT_CLICK_INTERCEPTED:\n            exception_class = ElementClickInterceptedException\n        elif status in ErrorCode.INSECURE_CERTIFICATE:\n            exception_class = InsecureCertificateException\n        elif status in ErrorCode.INVALID_COORDINATES:\n            exception_class = InvalidCoordinatesException\n        elif status in ErrorCode.INVALID_SESSION_ID:\n            exception_class = InvalidSessionIdException\n        elif status in ErrorCode.UNKNOWN_METHOD:\n            exception_class = UnknownMethodException\n        else:\n            exception_class = WebDriverException\n        if not value:\n            value = response['value']\n        if isinstance(value, str):\n            raise exception_class(value)\n        if message == \"\" and 'message' in value:\n            message = value['message']\n    \n        screen = None  # type: ignore[assignment]\n        if 'screen' in value:\n            screen = value['screen']\n    \n        stacktrace = None\n        st_value = value.get('stackTrace') or value.get('stacktrace')\n        if st_value:\n            if isinstance(st_value, str):\n                stacktrace = st_value.split('\\n')\n            else:\n                stacktrace = []\n                try:\n                    for frame in st_value:\n                        line = self._value_or_default(frame, 'lineNumber', '')\n                        file = self._value_or_default(frame, 'fileName', '<anonymous>')\n                        if line:\n                            file = \"%s:%s\" % (file, line)\n                        meth = self._value_or_default(frame, 'methodName', '<anonymous>')\n                        if 'className' in frame:\n                            meth = \"%s.%s\" % (frame['className'], meth)\n                        msg = \"    at %s (%s)\"\n                        msg = msg % (meth, file)\n                        stacktrace.append(msg)\n                except TypeError:\n                    pass\n        if exception_class == UnexpectedAlertPresentException:\n            alert_text = None\n            if 'data' in value:\n                alert_text = value['data'].get('text')\n            elif 'alert' in value:\n                alert_text = value['alert'].get('text')\n            raise exception_class(message, screen, stacktrace, alert_text)  # type: ignore[call-arg]  # mypy is not smart enough here\n>       raise exception_class(message, screen, stacktrace)\nE       selenium.common.exceptions.NoSuchElementException: Message: no such element: Unable to locate element: {\"method\":\"xpath\",\"selector\":\"/html/body/div[4]/div/div/div/div/div[1]/div[2]/table/tbody/tr[2]/td[3]/div\"}\nE         (Session info: chrome=103.0.5060.134)\nE       Stacktrace:\nE       Backtrace:\nE       \tOrdinal0 [0x0112D953+2414931]\nE       \tOrdinal0 [0x010BF5E1+1963489]\nE       \tOrdinal0 [0x00FAC6B8+837304]\nE       \tOrdinal0 [0x00FD9500+1021184]\nE       \tOrdinal0 [0x00FD979B+1021851]\nE       \tOrdinal0 [0x01006502+1205506]\nE       \tOrdinal0 [0x00FF44E4+1131748]\nE       \tOrdinal0 [0x01004812+1198098]\nE       \tOrdinal0 [0x00FF42B6+1131190]\nE       \tOrdinal0 [0x00FCE860+976992]\nE       \tOrdinal0 [0x00FCF756+980822]\nE       \tGetHandleVerifier [0x0139CC62+2510274]\nE       \tGetHandleVerifier [0x0138F760+2455744]\nE       \tGetHandleVerifier [0x011BEABA+551962]\nE       \tGetHandleVerifier [0x011BD916+547446]\nE       \tOrdinal0 [0x010C5F3B+1990459]\nE       \tOrdinal0 [0x010CA898+2009240]\nE       \tOrdinal0 [0x010CA985+2009477]\nE       \tOrdinal0 [0x010D3AD1+2046673]\nE       \tBaseThreadInitThunk [0x7598FA29+25]\nE       \tRtlGetAppContainerNamedObjectPath [0x77187A9E+286]\nE       \tRtlGetAppContainerNamedObjectPath [0x77187A6E+238]\n\n..\\..\\..\\AppData\\Local\\Programs\\Python\\Python38\\lib\\site-packages\\selenium\\webdriver\\remote\\errorhandler.py:247: NoSuchElementException"}, "steps": [{"name": "点击进入组织机构", "status": "passed", "start": 1658892004982, "stop": 1658892005024}, {"name": "点击进入用户管理", "status": "passed", "start": 1658892005024, "stop": 1658892005124}, {"name": "点击进入新增用户", "status": "passed", "start": 1658892005125, "stop": 1658892005218}, {"name": "点击组织机构", "status": "passed", "start": 1658892005218, "stop": 1658892005463}, {"name": "选择账号类型", "status": "passed", "start": 1658892005463, "stop": 1658892005765}, {"name": "选择性别", "status": "passed", "start": 1658892005765, "stop": 1658892005815}, {"name": "选择生日", "status": "broken", "statusDetails": {"message": "selenium.common.exceptions.NoSuchElementException: Message: no such element: Unable to locate element: {\"method\":\"xpath\",\"selector\":\"/html/body/div[4]/div/div/div/div/div[1]/div[2]/table/tbody/tr[2]/td[3]/div\"}\n  (Session info: chrome=103.0.5060.134)\nStacktrace:\nBacktrace:\n\tOrdinal0 [0x0112D953+2414931]\n\tOrdinal0 [0x010BF5E1+1963489]\n\tOrdinal0 [0x00FAC6B8+837304]\n\tOrdinal0 [0x00FD9500+1021184]\n\tOrdinal0 [0x00FD979B+1021851]\n\tOrdinal0 [0x01006502+1205506]\n\tOrdinal0 [0x00FF44E4+1131748]\n\tOrdinal0 [0x01004812+1198098]\n\tOrdinal0 [0x00FF42B6+1131190]\n\tOrdinal0 [0x00FCE860+976992]\n\tOrdinal0 [0x00FCF756+980822]\n\tGetHandleVerifier [0x0139CC62+2510274]\n\tGetHandleVerifier [0x0138F760+2455744]\n\tGetHandleVerifier [0x011BEABA+551962]\n\tGetHandleVerifier [0x011BD916+547446]\n\tOrdinal0 [0x010C5F3B+1990459]\n\tOrdinal0 [0x010CA898+2009240]\n\tOrdinal0 [0x010CA985+2009477]\n\tOrdinal0 [0x010D3AD1+2046673]\n\tBaseThreadInitThunk [0x7598FA29+25]\n\tRtlGetAppContainerNamedObjectPath [0x77187A9E+286]\n\tRtlGetAppContainerNamedObjectPath [0x77187A6E+238]\n\n", "trace": "  File \"C:\\Users\\jay52\\PycharmProjects\\6noble\\case\\oms.py\", line 165, in test_04\n    wk.click('xpath',user['age'])\n  File \"C:\\Users\\jay52\\PycharmProjects\\6noble\\KeyWords\\keyword_web.py\", line 67, in click\n    self.locator(name, value).click()\n  File \"C:\\Users\\jay52\\PycharmProjects\\6noble\\KeyWords\\keyword_web.py\", line 51, in locator\n    return self.driver.find_element(name, value)\n  File \"C:\\Users\\jay52\\AppData\\Local\\Programs\\Python\\Python38\\lib\\site-packages\\selenium\\webdriver\\remote\\webdriver.py\", line 1251, in find_element\n    return self.execute(Command.FIND_ELEMENT, {\n  File \"C:\\Users\\jay52\\AppData\\Local\\Programs\\Python\\Python38\\lib\\site-packages\\selenium\\webdriver\\remote\\webdriver.py\", line 430, in execute\n    self.error_handler.check_response(response)\n  File \"C:\\Users\\jay52\\AppData\\Local\\Programs\\Python\\Python38\\lib\\site-packages\\selenium\\webdriver\\remote\\errorhandler.py\", line 247, in check_response\n    raise exception_class(message, screen, stacktrace)\n"}, "start": 1658892005815, "stop": 1658892015965}], "parameters": [{"name": "user", "value": "{'add_user': '//*[@id=\"root\"]/div/section/section/main/div/section/main/div[2]/div[1]/div[2]/div/button[3]', 'Organization': '//*[@id=\"advanced_search\"]/div[1]/div/div[1]/div/div[2]/div/div/div/div/div', 'study_num': 6668888, 'sex': '//*[@id=\"advanced_search_sex\"]/label[1]/span[1]/input', 'age': '/html/body/div[4]/div/div/div/div/div[1]/div[2]/table/tbody/tr[2]/td[3]/div', 'expected_result': '/html/body/div[1]/div/section/section/main/div/section/main/div[2]/div[2]/div/div/div/div/div/div[2]/table/tbody/tr[2]/td[3]/span'}"}], "start": 1658892004982, "stop": 1658892015967, "uuid": "180ec872-a69a-4a53-b6b8-64b42d905c09", "historyId": "c8147d5c5e1e58947c3113b69cc7ca14", "testCaseId": "b50f343cfb9e9cb908f4f05e54abe80d", "fullName": "oms#test_04", "labels": [{"name": "story", "value": "用户管理"}, {"name": "epic", "value": "组织管理"}, {"name": "severity", "value": "normal"}, {"name": "suite", "value": "oms"}, {"name": "host", "value": "DESKTOP-FA1JTDA"}, {"name": "thread", "value": "30424-MainThread"}, {"name": "framework", "value": "pytest"}, {"name": "language", "value": "cpython3"}, {"name": "package", "value": "oms"}]}